<?xml version="1.0" encoding="UTF-8" standalone="yes"?><!DOCTYPE report PUBLIC "-//JACOCO//DTD Report 1.1//EN" "report.dtd"><report name="subscription"><sessioninfo id="sbaiti-wissem-454f368d" start="1777306702488" dump="1777306724853"/><sessioninfo id="sbaiti-wissem-daf5efb7" start="1777306786394" dump="1777306815693"/><package name="esprit/subscription/repository"><class name="esprit/subscription/repository/FraudAlertRepository" sourcefilename="FraudAlertRepository.java"/><class name="esprit/subscription/repository/BlockedPaymentAttemptRepository" sourcefilename="BlockedPaymentAttemptRepository.java"/><class name="esprit/subscription/repository/UserLoyaltyAccountRepository" sourcefilename="UserLoyaltyAccountRepository.java"/><class name="esprit/subscription/repository/PromoCodeRepository" sourcefilename="PromoCodeRepository.java"/><class name="esprit/subscription/repository/AdminNotificationRepository" sourcefilename="AdminNotificationRepository.java"/><class name="esprit/subscription/repository/UnlockChatSessionRepository" sourcefilename="UnlockChatSessionRepository.java"/><class name="esprit/subscription/repository/UserBlockRepository" sourcefilename="UserBlockRepository.java"/><class name="esprit/subscription/repository/LivenessVerificationRepository" sourcefilename="LivenessVerificationRepository.java"/><class name="esprit/subscription/repository/PromoRedemptionRepository" sourcefilename="PromoRedemptionRepository.java"/><class name="esprit/subscription/repository/PaymentRecordRepository" sourcefilename="PaymentRecordRepository.java"/><class name="esprit/subscription/repository/PricingPlanRepository" sourcefilename="PricingPlanRepository.java"/><class name="esprit/subscription/repository/UnlockChatMessageRepository" sourcefilename="UnlockChatMessageRepository.java"/><class name="esprit/subscription/repository/InterventionLogRepository" sourcefilename="InterventionLogRepository.java"/><class name="esprit/subscription/repository/SubscriptionRepository" sourcefilename="SubscriptionRepository.java"/><sourcefile name="FraudAlertRepository.java"/><sourcefile name="PromoCodeRepository.java"/><sourcefile name="InterventionLogRepository.java"/><sourcefile name="BlockedPaymentAttemptRepository.java"/><sourcefile name="UnlockChatMessageRepository.java"/><sourcefile name="PricingPlanRepository.java"/><sourcefile name="UserLoyaltyAccountRepository.java"/><sourcefile name="UserBlockRepository.java"/><sourcefile name="AdminNotificationRepository.java"/><sourcefile name="SubscriptionRepository.java"/><sourcefile name="UnlockChatSessionRepository.java"/><sourcefile name="LivenessVerificationRepository.java"/><sourcefile name="PromoRedemptionRepository.java"/><sourcefile name="PaymentRecordRepository.java"/></package><package name="esprit/subscription/util"><class name="esprit/subscription/util/ClientIpResolver" sourcefilename="ClientIpResolver.java"><method name="resolve" desc="(Ljakarta/servlet/http/HttpServletRequest;)Ljava/lang/String;" line="14"><counter type="INSTRUCTION" missed="44" covered="0"/><counter type="BRANCH" missed="10" covered="0"/><counter type="LINE" missed="9" covered="0"/><counter type="COMPLEXITY" missed="6" covered="0"/><counter type="METHOD" missed="1" covered="0"/></method><method name="stripPort" desc="(Ljava/lang/String;)Ljava/lang/String;" line="29"><counter type="INSTRUCTION" missed="36" covered="0"/><counter type="BRANCH" missed="8" covered="0"/><counter type="LINE" missed="6" covered="0"/><counter type="COMPLEXITY" missed="5" covered="0"/><counter type="METHOD" missed="1" covered="0"/></method><method name="isPrivateOrLocal" desc="(Ljava/lang/String;)Z" line="40"><counter type="INSTRUCTION" missed="29" covered="0"/><counter type="BRANCH" missed="12" covered="0"/><counter type="LINE" missed="7" covered="0"/><counter type="COMPLEXITY" missed="7" covered="0"/><counter type="METHOD" missed="1" covered="0"/></method><method name="lambda$stripPort$0" desc="(I)Z" line="33"><counter type="INSTRUCTION" missed="7" covered="0"/><counter type="BRANCH" missed="2" covered="0"/><counter type="LINE" missed="1" covered="0"/><counter type="COMPLEXITY" missed="2" covered="0"/><counter type="METHOD" missed="1" covered="0"/></method><counter type="INSTRUCTION" missed="116" covered="0"/><counter type="BRANCH" missed="32" covered="0"/><counter type="LINE" missed="22" covered="0"/><counter type="COMPLEXITY" missed="20" covered="0"/><counter type="METHOD" missed="4" covered="0"/><counter type="CLASS" missed="1" covered="0"/></class><sourcefile name="ClientIpResolver.java"><line nr="14" mi="4" ci="0" mb="0" cb="0"/><line nr="15" mi="5" ci="0" mb="4" cb="0"/><line nr="16" mi="7" ci="0" mb="0" cb="0"/><line nr="17" mi="3" ci="0" mb="2" cb="0"/><line nr="18" mi="3" ci="0" mb="0" cb="0"/><line nr="21" mi="4" ci="0" mb="0" cb="0"/><line nr="22" mi="5" ci="0" mb="4" cb="0"/><line nr="23" mi="4" ci="0" mb="0" cb="0"/><line nr="25" mi="9" ci="0" mb="0" cb="0"/><line nr="29" mi="8" ci="0" mb="4" cb="0"/><line nr="30" mi="7" ci="0" mb="0" cb="0"/><line nr="32" mi="4" ci="0" mb="0" cb="0"/><line nr="33" mi="17" ci="0" mb="6" cb="0"/><line nr="34" mi="5" ci="0" mb="0" cb="0"/><line nr="36" mi="2" ci="0" mb="0" cb="0"/><line nr="40" mi="5" ci="0" mb="4" cb="0"/><line nr="41" mi="2" ci="0" mb="0" cb="0"/><line nr="44" mi="3" ci="0" mb="0" cb="0"/><line nr="45" mi="11" ci="0" mb="6" cb="0"/><line nr="46" mi="5" ci="0" mb="2" cb="0"/><line nr="47" mi="1" ci="0" mb="0" cb="0"/><line nr="48" mi="2" ci="0" mb="0" cb="0"/><counter type="INSTRUCTION" missed="116" covered="0"/><counter type="BRANCH" missed="32" covered="0"/><counter type="LINE" missed="22" covered="0"/><counter type="COMPLEXITY" missed="20" covered="0"/><counter type="METHOD" missed="4" covered="0"/><counter type="CLASS" missed="1" covered="0"/></sourcefile><counter type="INSTRUCTION" missed="116" covered="0"/><counter type="BRANCH" missed="32" covered="0"/><counter type="LINE" missed="22" covered="0"/><counter type="COMPLEXITY" missed="20" covered="0"/><counter type="METHOD" missed="4" covered="0"/><counter type="CLASS" missed="1" covered="0"/></package><package name="esprit/subscription/event"><class name="esprit/subscription/event/UserBlockedEvent" sourcefilename="UserBlockedEvent.java"><method name="&lt;init&gt;" desc="(Ljava/lang/String;Ljava/lang/String;Ljava/lang/Long;)V" line="7"><counter type="INSTRUCTION" missed="12" covered="0"/><counter type="LINE" missed="1" covered="0"/><counter type="COMPLEXITY" missed="1" covered="0"/><counter type="METHOD" missed="1" covered="0"/></method><counter type="INSTRUCTION" missed="12" covered="0"/><counter type="LINE" missed="1" covered="0"/><counter type="COMPLEXITY" missed="1" covered="0"/><counter type="METHOD" missed="1" covered="0"/><counter type="CLASS" missed="1" covered="0"/></class><class name="esprit/subscription/event/UserBlockedNotificationListener" sourcefilename="UserBlockedNotificationListener.java"><method name="&lt;init&gt;" desc="(Lesprit/subscription/service/AdminNotificationService;)V" line="20"><counter type="INSTRUCTION" missed="0" covered="6"/><counter type="LINE" missed="0" covered="3"/><counter type="COMPLEXITY" missed="0" covered="1"/><counter type="METHOD" missed="0" covered="1"/></method><method name="onUserBlocked" desc="(Lesprit/subscription/event/UserBlockedEvent;)V" line="27"><counter type="INSTRUCTION" missed="37" covered="0"/><counter type="LINE" missed="8" covered="0"/><counter type="COMPLEXITY" missed="1" covered="0"/><counter type="METHOD" missed="1" covered="0"/></method><method name="&lt;clinit&gt;" desc="()V" line="16"><counter type="INSTRUCTION" missed="0" covered="4"/><counter type="LINE" missed="0" covered="1"/><counter type="COMPLEXITY" missed="0" covered="1"/><counter type="METHOD" missed="0" covered="1"/></method><counter type="INSTRUCTION" missed="37" covered="10"/><counter type="LINE" missed="8" covered="4"/><counter type="COMPLEXITY" missed="1" covered="2"/><counter type="METHOD" missed="1" covered="2"/><counter type="CLASS" missed="0" covered="1"/></class><sourcefile name="UserBlockedEvent.java"><line nr="7" mi="12" ci="0" mb="0" cb="0"/><counter type="INSTRUCTION" missed="12" covered="0"/><counter type="LINE" missed="1" covered="0"/><counter type="COMPLEXITY" missed="1" covered="0"/><counter type="METHOD" missed="1" covered="0"/><counter type="CLASS" missed="1" covered="0"/></sourcefile><sourcefile name="UserBlockedNotificationListener.java"><line nr="16" mi="0" ci="4" mb="0" cb="0"/><line nr="20" mi="0" ci="2" mb="0" cb="0"/><line nr="21" mi="0" ci="3" mb="0" cb="0"/><line nr="22" mi="0" ci="1" mb="0" cb="0"/><line nr="27" mi="10" ci="0" mb="0" cb="0"/><line nr="28" mi="1" ci="0" mb="0" cb="0"/><line nr="29" mi="8" ci="0" mb="0" cb="0"/><line nr="31" mi="5" ci="0" mb="0" cb="0"/><line nr="32" mi="5" ci="0" mb="0" cb="0"/><line nr="33" mi="6" ci="0" mb="0" cb="0"/><line nr="35" mi="1" ci="0" mb="0" cb="0"/><line nr="36" mi="1" ci="0" mb="0" cb="0"/><counter type="INSTRUCTION" missed="37" covered="10"/><counter type="LINE" missed="8" covered="4"/><counter type="COMPLEXITY" missed="1" covered="2"/><counter type="METHOD" missed="1" covered="2"/><counter type="CLASS" missed="0" covered="1"/></sourcefile><counter type="INSTRUCTION" missed="49" covered="10"/><counter type="LINE" missed="9" covered="4"/><counter type="COMPLEXITY" missed="2" covered="2"/><counter type="METHOD" missed="2" covered="2"/><counter type="CLASS" missed="1" covered="1"/></package><package name="esprit/subscription/service"><class name="esprit/subscription/service/AdminReVerificationService$ReVerificationTokenResult" sourcefilename="AdminReVerificationService.java"><method name="&lt;init&gt;" desc="(Ljava/lang/String;Ljava/time/LocalDateTime;)V" line="64"><counter type="INSTRUCTION" missed="9" covered="0"/><counter type="LINE" missed="1" covered="0"/><counter type="COMPLEXITY" missed="1" covered="0"/><counter type="METHOD" missed="1" covered="0"/></method><counter type="INSTRUCTION" missed="9" covered="0"/><counter type="LINE" missed="1" covered="0"/><counter type="COMPLEXITY" missed="1" covered="0"/><counter type="METHOD" missed="1" covered="0"/><counter type="CLASS" missed="1" covered="0"/></class><class name="esprit/subscription/service/PlanAdvisorAiService" sourcefilename="PlanAdvisorAiService.java"><method name="&lt;init&gt;" desc="(Lesprit/subscription/service/GroqChatClient;Lesprit/subscription/client/UserClient;Lesprit/subscription/client/EntrepriseClient;Lesprit/subscription/service/PricingPlanService;Lesprit/subscription/repository/SubscriptionRepository;Lcom/fasterxml/jackson/databind/ObjectMapper;)V" line="59"><counter type="INSTRUCTION" missed="0" covered="21"/><counter type="LINE" missed="0" covered="8"/><counter type="COMPLEXITY" missed="0" covered="1"/><counter type="METHOD" missed="0" covered="1"/></method><method name="advise" desc="(Ljava/lang/String;Ljava/lang/Long;Lesprit/subscription/DTO/PlanRecommendationDto;)Lesprit/subscription/DTO/PlanRecommendationDto;" line="69"><counter type="INSTRUCTION" missed="33" covered="134"/><counter type="BRANCH" missed="5" covered="7"/><counter type="LINE" missed="6" covered="30"/><counter type="COMPLEXITY" missed="5" covered="2"/><counter type="METHOD" missed="0" covered="1"/></method><method name="copyBaseline" desc="(Lesprit/subscription/DTO/PlanRecommendationDto;ZLjava/lang/Integer;Ljava/lang/String;)Lesprit/subscription/DTO/PlanRecommendationDto;" line="118"><counter type="INSTRUCTION" missed="0" covered="30"/><counter type="LINE" missed="0" covered="12"/><counter type="COMPLEXITY" missed="0" covered="1"/><counter type="METHOD" missed="0" covered="1"/></method><method name="resolveStatsForPlan" desc="(Ljava/lang/String;Ljava/lang/Long;Lesprit/subscription/entity/PricingPlan;Lesprit/subscription/DTO/PlanRecommendationDto;)Lesprit/subscription/DTO/PlanRecommendationDto;" line="137"><counter type="INSTRUCTION" missed="82" covered="82"/><counter type="BRANCH" missed="22" covered="8"/><counter type="LINE" missed="11" covered="22"/><counter type="COMPLEXITY" missed="15" covered="1"/><counter type="METHOD" missed="0" covered="1"/></method><method name="buildUserPayload" desc="(Ljava/lang/String;Ljava/lang/Long;Lesprit/subscription/DTO/PlanRecommendationDto;)Ljava/lang/String;" line="182"><counter type="INSTRUCTION" missed="77" covered="138"/><counter type="BRANCH" missed="10" covered="8"/><counter type="LINE" missed="15" covered="26"/><counter type="COMPLEXITY" missed="8" covered="2"/><counter type="METHOD" missed="0" covered="1"/></method><method name="safeUser" desc="(Ljava/lang/Long;)Lesprit/subscription/DTO/UserProfileDto;" line="240"><counter type="INSTRUCTION" missed="9" covered="5"/><counter type="LINE" missed="3" covered="1"/><counter type="COMPLEXITY" missed="0" covered="1"/><counter type="METHOD" missed="0" covered="1"/></method><method name="safeCompany" desc="(Ljava/lang/Long;)Lesprit/subscription/DTO/CompanyDto;" line="249"><counter type="INSTRUCTION" missed="14" covered="0"/><counter type="LINE" missed="4" covered="0"/><counter type="COMPLEXITY" missed="1" covered="0"/><counter type="METHOD" missed="1" covered="0"/></method><method name="normalizeUserRole" desc="(Ljava/lang/String;)Ljava/lang/String;" line="257"><counter type="INSTRUCTION" missed="4" covered="15"/><counter type="BRANCH" missed="3" covered="3"/><counter type="LINE" missed="2" covered="4"/><counter type="COMPLEXITY" missed="3" covered="1"/><counter type="METHOD" missed="0" covered="1"/></method><method name="isBestValuePlan" desc="(Lesprit/subscription/entity/PricingPlan;)Z" line="268"><counter type="INSTRUCTION" missed="3" covered="23"/><counter type="BRANCH" missed="3" covered="3"/><counter type="LINE" missed="1" covered="3"/><counter type="COMPLEXITY" missed="3" covered="1"/><counter type="METHOD" missed="0" covered="1"/></method><method name="textOrNull" desc="(Lcom/fasterxml/jackson/databind/JsonNode;)Ljava/lang/String;" line="276"><counter type="INSTRUCTION" missed="6" covered="30"/><counter type="BRANCH" missed="7" covered="7"/><counter type="LINE" missed="3" covered="6"/><counter type="COMPLEXITY" missed="7" covered="1"/><counter type="METHOD" missed="0" covered="1"/></method><method name="&lt;clinit&gt;" desc="()V" line="29"><counter type="INSTRUCTION" missed="0" covered="4"/><counter type="LINE" missed="0" covered="1"/><counter type="COMPLEXITY" missed="0" covered="1"/><counter type="METHOD" missed="0" covered="1"/></method><counter type="INSTRUCTION" missed="228" covered="482"/><counter type="BRANCH" missed="50" covered="36"/><counter type="LINE" missed="45" covered="113"/><counter type="COMPLEXITY" missed="42" covered="12"/><counter type="METHOD" missed="1" covered="10"/><counter type="CLASS" missed="0" covered="1"/></class><class name="esprit/subscription/service/GeoEventNotifier" sourcefilename="GeoEventNotifier.java"><method name="&lt;init&gt;" desc="(Lesprit/subscription/client/UserInternalGeoClient;)V" line="20"><counter type="INSTRUCTION" missed="0" covered="6"/><counter type="LINE" missed="0" covered="3"/><counter type="COMPLEXITY" missed="0" covered="1"/><counter type="METHOD" missed="0" covered="1"/></method><method name="notifyPaymentAsync" desc="(Ljava/lang/Long;Ljakarta/servlet/http/HttpServletRequest;)V" line="25"><counter type="INSTRUCTION" missed="19" covered="0"/><counter type="BRANCH" missed="6" covered="0"/><counter type="LINE" missed="7" covered="0"/><counter type="COMPLEXITY" missed="4" covered="0"/><counter type="METHOD" missed="1" covered="0"/></method><method name="lambda$notifyPaymentAsync$0" desc="(Ljava/lang/Long;Ljava/lang/String;)V" line="34"><counter type="INSTRUCTION" missed="25" covered="0"/><counter type="LINE" missed="9" covered="0"/><counter type="COMPLEXITY" missed="1" covered="0"/><counter type="METHOD" missed="1" covered="0"/></method><method name="&lt;clinit&gt;" desc="()V" line="16"><counter type="INSTRUCTION" missed="0" covered="4"/><counter type="LINE" missed="0" covered="1"/><counter type="COMPLEXITY" missed="0" covered="1"/><counter type="METHOD" missed="0" covered="1"/></method><counter type="INSTRUCTION" missed="44" covered="10"/><counter type="BRANCH" missed="6" covered="0"/><counter type="LINE" missed="16" covered="4"/><counter type="COMPLEXITY" missed="5" covered="2"/><counter type="METHOD" missed="2" covered="2"/><counter type="CLASS" missed="0" covered="1"/></class><class name="esprit/subscription/service/LivenessJwtService" sourcefilename="LivenessJwtService.java"><method name="&lt;init&gt;" desc="(Ljava/lang/String;)V" line="20"><counter type="INSTRUCTION" missed="5" covered="15"/><counter type="BRANCH" missed="2" covered="2"/><counter type="LINE" missed="1" covered="4"/><counter type="COMPLEXITY" missed="2" covered="1"/><counter type="METHOD" missed="0" covered="1"/></method><method name="createToken" desc="(JLjava/lang/String;)Ljava/lang/String;" line="28"><counter type="INSTRUCTION" missed="31" covered="0"/><counter type="LINE" missed="11" covered="0"/><counter type="COMPLEXITY" missed="1" covered="0"/><counter type="METHOD" missed="1" covered="0"/></method><method name="parseAndValidate" desc="(Ljava/lang/String;)Lio/jsonwebtoken/Claims;" line="46"><counter type="INSTRUCTION" missed="13" covered="0"/><counter type="LINE" missed="7" covered="0"/><counter type="COMPLEXITY" missed="1" covered="0"/><counter type="METHOD" missed="1" covered="0"/></method><method name="isValidForPayment" desc="(Ljava/lang/String;J)Z" line="57"><counter type="INSTRUCTION" missed="40" covered="0"/><counter type="BRANCH" missed="10" covered="0"/><counter type="LINE" missed="12" covered="0"/><counter type="COMPLEXITY" missed="6" covered="0"/><counter type="METHOD" missed="1" covered="0"/></method><counter type="INSTRUCTION" missed="89" covered="15"/><counter type="BRANCH" missed="12" covered="2"/><counter type="LINE" missed="31" covered="4"/><counter type="COMPLEXITY" missed="10" covered="1"/><counter type="METHOD" missed="3" covered="1"/><counter type="CLASS" missed="0" covered="1"/></class><class name="esprit/subscription/service/EmailService" sourcefilename="EmailService.java"><method name="&lt;init&gt;" desc="(Lorg/springframework/mail/javamail/JavaMailSender;)V" line="24"><counter type="INSTRUCTION" missed="0" covered="6"/><counter type="LINE" missed="0" covered="3"/><counter type="COMPLEXITY" missed="0" covered="1"/><counter type="METHOD" missed="0" covered="1"/></method><method name="sendHtmlEmail" desc="(Ljava/lang/String;Ljava/lang/String;Ljava/lang/String;)V" line="30"><counter type="INSTRUCTION" missed="35" covered="0"/><counter type="LINE" missed="10" covered="0"/><counter type="COMPLEXITY" missed="1" covered="0"/><counter type="METHOD" missed="1" covered="0"/></method><method name="sendBirthdayPromoEmail" desc="(Ljava/lang/String;Ljava/lang/String;Ljava/lang/String;)V" line="42"><counter type="INSTRUCTION" missed="22" covered="0"/><counter type="LINE" missed="5" covered="0"/><counter type="COMPLEXITY" missed="1" covered="0"/><counter type="METHOD" missed="1" covered="0"/></method><method name="sendAutoRenewalEmail" desc="(Ljava/lang/String;Ljava/lang/String;Ljava/lang/String;Ljava/time/LocalDateTime;)V" line="49"><counter type="INSTRUCTION" missed="32" covered="0"/><counter type="BRANCH" missed="2" covered="0"/><counter type="LINE" missed="8" covered="0"/><counter type="COMPLEXITY" missed="2" covered="0"/><counter type="METHOD" missed="1" covered="0"/></method><method name="sendLoyaltyMilestoneEmail" desc="(Ljava/lang/String;Ljava/lang/String;Ljava/lang/String;IILjava/lang/String;)V" line="66"><counter type="INSTRUCTION" missed="51" covered="0"/><counter type="LINE" missed="11" covered="0"/><counter type="COMPLEXITY" missed="1" covered="0"/><counter type="METHOD" missed="1" covered="0"/></method><method name="buildBirthdayPromoHtml" desc="(Ljava/lang/String;Ljava/lang/String;Ljava/lang/String;)Ljava/lang/String;" line="103"><counter type="INSTRUCTION" missed="19" covered="0"/><counter type="LINE" missed="2" covered="0"/><counter type="COMPLEXITY" missed="1" covered="0"/><counter type="METHOD" missed="1" covered="0"/></method><method name="buildAutoRenewalHtml" desc="(Ljava/lang/String;Ljava/lang/String;Ljava/lang/String;Ljava/lang/String;)Ljava/lang/String;" line="130"><counter type="INSTRUCTION" missed="24" covered="0"/><counter type="LINE" missed="2" covered="0"/><counter type="COMPLEXITY" missed="1" covered="0"/><counter type="METHOD" missed="1" covered="0"/></method><method name="sendAiTargetingPromoEmail" desc="(Ljava/lang/String;Ljava/lang/String;Ljava/lang/String;I)V" line="148"><counter type="INSTRUCTION" missed="23" covered="0"/><counter type="LINE" missed="5" covered="0"/><counter type="COMPLEXITY" missed="1" covered="0"/><counter type="METHOD" missed="1" covered="0"/></method><method name="buildAiTargetingPromoHtml" desc="(Ljava/lang/String;Ljava/lang/String;ILjava/lang/String;)Ljava/lang/String;" line="155"><counter type="INSTRUCTION" missed="24" covered="0"/><counter type="LINE" missed="2" covered="0"/><counter type="COMPLEXITY" missed="1" covered="0"/><counter type="METHOD" missed="1" covered="0"/></method><method name="escapeHtml" desc="(Ljava/lang/String;)Ljava/lang/String;" line="177"><counter type="INSTRUCTION" missed="18" covered="0"/><counter type="BRANCH" missed="2" covered="0"/><counter type="LINE" missed="2" covered="0"/><counter type="COMPLEXITY" missed="2" covered="0"/><counter type="METHOD" missed="1" covered="0"/></method><method name="sendSimpleMail" desc="(Ljava/lang/String;Ljava/lang/String;Ljava/lang/String;)V" line="183"><counter type="INSTRUCTION" missed="35" covered="0"/><counter type="LINE" missed="10" covered="0"/><counter type="COMPLEXITY" missed="1" covered="0"/><counter type="METHOD" missed="1" covered="0"/></method><method name="sendHumanReviewAlertEmail" desc="(Ljava/lang/String;Lesprit/subscription/entity/UnlockChatSession;JLjava/lang/String;)V" line="199"><counter type="INSTRUCTION" missed="118" covered="0"/><counter type="BRANCH" missed="16" covered="0"/><counter type="LINE" missed="19" covered="0"/><counter type="COMPLEXITY" missed="9" covered="0"/><counter type="METHOD" missed="1" covered="0"/></method><method name="sendExpiryNotification" desc="(Ljava/lang/String;Ljava/lang/String;J)V" line="245"><counter type="INSTRUCTION" missed="48" covered="0"/><counter type="BRANCH" missed="2" covered="0"/><counter type="LINE" missed="11" covered="0"/><counter type="COMPLEXITY" missed="2" covered="0"/><counter type="METHOD" missed="1" covered="0"/></method><method name="buildExpiryHtml" desc="(Ljava/lang/String;J)Ljava/lang/String;" line="261"><counter type="INSTRUCTION" missed="277" covered="0"/><counter type="BRANCH" missed="6" covered="0"/><counter type="LINE" missed="97" covered="0"/><counter type="COMPLEXITY" missed="4" covered="0"/><counter type="METHOD" missed="1" covered="0"/></method><counter type="INSTRUCTION" missed="726" covered="6"/><counter type="BRANCH" missed="28" covered="0"/><counter type="LINE" missed="184" covered="3"/><counter type="COMPLEXITY" missed="27" covered="1"/><counter type="METHOD" missed="13" covered="1"/><counter type="CLASS" missed="0" covered="1"/></class><class name="esprit/subscription/service/AdminNotificationService" sourcefilename="AdminNotificationService.java"><method name="&lt;init&gt;" desc="(Lesprit/subscription/repository/AdminNotificationRepository;Lesprit/subscription/service/SseStreamService;)V" line="28"><counter type="INSTRUCTION" missed="0" covered="9"/><counter type="LINE" missed="0" covered="4"/><counter type="COMPLEXITY" missed="0" covered="1"/><counter type="METHOD" missed="0" covered="1"/></method><method name="createUiTestNotification" desc="()Lesprit/subscription/DTO/admin/AdminNotificationResponse;" line="36"><counter type="INSTRUCTION" missed="13" covered="0"/><counter type="LINE" missed="2" covered="0"/><counter type="COMPLEXITY" missed="1" covered="0"/><counter type="METHOD" missed="1" covered="0"/></method><method name="createNotification" desc="(Ljava/lang/String;Ljava/lang/Long;Ljava/lang/String;Ljava/lang/String;Ljava/lang/String;Ljava/lang/Integer;)Lesprit/subscription/entity/AdminNotification;" line="54"><counter type="INSTRUCTION" missed="30" covered="0"/><counter type="LINE" missed="13" covered="0"/><counter type="COMPLEXITY" missed="1" covered="0"/><counter type="METHOD" missed="1" covered="0"/></method><method name="notifyUserBlocked" desc="(Ljava/lang/String;Ljava/lang/String;Ljava/lang/Long;)Lesprit/subscription/entity/AdminNotification;" line="77"><counter type="INSTRUCTION" missed="110" covered="0"/><counter type="BRANCH" missed="2" covered="0"/><counter type="LINE" missed="29" covered="0"/><counter type="COMPLEXITY" missed="2" covered="0"/><counter type="METHOD" missed="1" covered="0"/></method><method name="refreshActionToken" desc="(Ljava/lang/Long;)Lesprit/subscription/DTO/admin/AdminNotificationResponse;" line="117"><counter type="INSTRUCTION" missed="53" covered="0"/><counter type="LINE" missed="11" covered="0"/><counter type="COMPLEXITY" missed="1" covered="0"/><counter type="METHOD" missed="1" covered="0"/></method><method name="getUnreadNotifications" desc="()Ljava/util/List;" line="132"><counter type="INSTRUCTION" missed="9" covered="0"/><counter type="LINE" missed="3" covered="0"/><counter type="COMPLEXITY" missed="1" covered="0"/><counter type="METHOD" missed="1" covered="0"/></method><method name="findByActionToken" desc="(Ljava/lang/String;)Lesprit/subscription/DTO/admin/AdminNotificationResponse;" line="143"><counter type="INSTRUCTION" missed="23" covered="0"/><counter type="BRANCH" missed="4" covered="0"/><counter type="LINE" missed="6" covered="0"/><counter type="COMPLEXITY" missed="3" covered="0"/><counter type="METHOD" missed="1" covered="0"/></method><method name="getUnreadCount" desc="()J" line="154"><counter type="INSTRUCTION" missed="4" covered="0"/><counter type="LINE" missed="1" covered="0"/><counter type="COMPLEXITY" missed="1" covered="0"/><counter type="METHOD" missed="1" covered="0"/></method><method name="markAsRead" desc="(Ljava/lang/Long;)V" line="159"><counter type="INSTRUCTION" missed="6" covered="0"/><counter type="LINE" missed="2" covered="0"/><counter type="COMPLEXITY" missed="1" covered="0"/><counter type="METHOD" missed="1" covered="0"/></method><method name="markAllAsRead" desc="()V" line="164"><counter type="INSTRUCTION" missed="5" covered="0"/><counter type="LINE" missed="2" covered="0"/><counter type="COMPLEXITY" missed="1" covered="0"/><counter type="METHOD" missed="1" covered="0"/></method><method name="toDto" desc="(Lesprit/subscription/entity/AdminNotification;)Lesprit/subscription/DTO/admin/AdminNotificationResponse;" line="168"><counter type="INSTRUCTION" missed="36" covered="0"/><counter type="LINE" missed="13" covered="0"/><counter type="COMPLEXITY" missed="1" covered="0"/><counter type="METHOD" missed="1" covered="0"/></method><method name="lambda$findByActionToken$1" desc="()Lorg/springframework/web/server/ResponseStatusException;" line="149"><counter type="INSTRUCTION" missed="6" covered="0"/><counter type="LINE" missed="1" covered="0"/><counter type="COMPLEXITY" missed="1" covered="0"/><counter type="METHOD" missed="1" covered="0"/></method><method name="lambda$refreshActionToken$0" desc="()Lorg/springframework/web/server/ResponseStatusException;" line="118"><counter type="INSTRUCTION" missed="6" covered="0"/><counter type="LINE" missed="1" covered="0"/><counter type="COMPLEXITY" missed="1" covered="0"/><counter type="METHOD" missed="1" covered="0"/></method><method name="&lt;clinit&gt;" desc="()V" line="23"><counter type="INSTRUCTION" missed="0" covered="4"/><counter type="LINE" missed="0" covered="1"/><counter type="COMPLEXITY" missed="0" covered="1"/><counter type="METHOD" missed="0" covered="1"/></method><counter type="INSTRUCTION" missed="301" covered="13"/><counter type="BRANCH" missed="6" covered="0"/><counter type="LINE" missed="82" covered="5"/><counter type="COMPLEXITY" missed="15" covered="2"/><counter type="METHOD" missed="12" covered="2"/><counter type="CLASS" missed="0" covered="1"/></class><class name="esprit/subscription/service/SubscriptionService" sourcefilename="SubscriptionService.java"><method name="&lt;init&gt;" desc="(Lesprit/subscription/repository/SubscriptionRepository;Lesprit/subscription/client/EntrepriseClient;Lesprit/subscription/service/PricingPlanService;Lesprit/subscription/repository/PaymentRecordRepository;Lesprit/subscription/service/EmailService;Lesprit/subscription/service/PlanAdvisorAiService;Lesprit/subscription/service/StripeSubscriptionSyncService;Lesprit/subscription/service/LoyaltyService;Lesprit/subscription/repository/UserLoyaltyAccountRepository;Lesprit/subscription/client/UserClient;)V" line="50"><counter type="INSTRUCTION" missed="0" covered="33"/><counter type="LINE" missed="0" covered="12"/><counter type="COMPLEXITY" missed="0" covered="1"/><counter type="METHOD" missed="0" covered="1"/></method><method name="findAll" desc="()Ljava/util/List;" line="64"><counter type="INSTRUCTION" missed="4" covered="0"/><counter type="LINE" missed="1" covered="0"/><counter type="COMPLEXITY" missed="1" covered="0"/><counter type="METHOD" missed="1" covered="0"/></method><method name="findByUserId" desc="(Ljava/lang/Long;)Ljava/util/List;" line="68"><counter type="INSTRUCTION" missed="5" covered="0"/><counter type="LINE" missed="1" covered="0"/><counter type="COMPLEXITY" missed="1" covered="0"/><counter type="METHOD" missed="1" covered="0"/></method><method name="findActiveSubscription" desc="(Ljava/lang/Long;)Ljava/util/Optional;" line="75"><counter type="INSTRUCTION" missed="7" covered="0"/><counter type="LINE" missed="1" covered="0"/><counter type="COMPLEXITY" missed="1" covered="0"/><counter type="METHOD" missed="1" covered="0"/></method><method name="findLatestSubscription" desc="(Ljava/lang/Long;)Ljava/util/Optional;" line="82"><counter type="INSTRUCTION" missed="0" covered="9"/><counter type="LINE" missed="0" covered="2"/><counter type="COMPLEXITY" missed="0" covered="1"/><counter type="METHOD" missed="0" covered="1"/></method><method name="findActiveOrPausedForUser" desc="(Ljava/lang/Long;)Ljava/util/Optional;" line="88"><counter type="INSTRUCTION" missed="8" covered="0"/><counter type="LINE" missed="2" covered="0"/><counter type="COMPLEXITY" missed="1" covered="0"/><counter type="METHOD" missed="1" covered="0"/></method><method name="findById" desc="(Ljava/lang/Long;)Ljava/util/Optional;" line="94"><counter type="INSTRUCTION" missed="5" covered="0"/><counter type="LINE" missed="1" covered="0"/><counter type="COMPLEXITY" missed="1" covered="0"/><counter type="METHOD" missed="1" covered="0"/></method><method name="attachStripeSubscriptionId" desc="(Ljava/lang/Long;Ljava/lang/String;)Lesprit/subscription/entity/Subscription;" line="99"><counter type="INSTRUCTION" missed="24" covered="0"/><counter type="BRANCH" missed="4" covered="0"/><counter type="LINE" missed="5" covered="0"/><counter type="COMPLEXITY" missed="3" covered="0"/><counter type="METHOD" missed="1" covered="0"/></method><method name="subscribe" desc="(Lesprit/subscription/entity/Subscription;)Lesprit/subscription/entity/Subscription;" line="109"><counter type="INSTRUCTION" missed="12" covered="101"/><counter type="BRANCH" missed="5" covered="5"/><counter type="LINE" missed="1" covered="20"/><counter type="COMPLEXITY" missed="4" covered="2"/><counter type="METHOD" missed="0" covered="1"/></method><method name="cancel" desc="(Ljava/lang/Long;)Lesprit/subscription/entity/Subscription;" line="140"><counter type="INSTRUCTION" missed="34" covered="0"/><counter type="BRANCH" missed="2" covered="0"/><counter type="LINE" missed="9" covered="0"/><counter type="COMPLEXITY" missed="2" covered="0"/><counter type="METHOD" missed="1" covered="0"/></method><method name="toggleAutoRenew" desc="(Ljava/lang/Long;)Lesprit/subscription/entity/Subscription;" line="154"><counter type="INSTRUCTION" missed="30" covered="0"/><counter type="BRANCH" missed="2" covered="0"/><counter type="LINE" missed="5" covered="0"/><counter type="COMPLEXITY" missed="2" covered="0"/><counter type="METHOD" missed="1" covered="0"/></method><method name="setAutoRenew" desc="(Ljava/lang/Long;Z)Lesprit/subscription/entity/Subscription;" line="163"><counter type="INSTRUCTION" missed="24" covered="0"/><counter type="LINE" missed="5" covered="0"/><counter type="COMPLEXITY" missed="1" covered="0"/><counter type="METHOD" missed="1" covered="0"/></method><method name="processAutoRenewalsDueToday" desc="()V" line="175"><counter type="INSTRUCTION" missed="197" covered="0"/><counter type="BRANCH" missed="16" covered="0"/><counter type="LINE" missed="45" covered="0"/><counter type="COMPLEXITY" missed="9" covered="0"/><counter type="METHOD" missed="1" covered="0"/></method><method name="recommendPlanWithAi" desc="(Ljava/lang/String;Ljava/lang/Long;)Lesprit/subscription/DTO/PlanRecommendationDto;" line="233"><counter type="INSTRUCTION" missed="15" covered="0"/><counter type="BRANCH" missed="2" covered="0"/><counter type="LINE" missed="4" covered="0"/><counter type="COMPLEXITY" missed="2" covered="0"/><counter type="METHOD" missed="1" covered="0"/></method><method name="recommendPlan" desc="(Ljava/lang/String;)Lesprit/subscription/DTO/PlanRecommendationDto;" line="241"><counter type="INSTRUCTION" missed="124" covered="0"/><counter type="BRANCH" missed="12" covered="0"/><counter type="LINE" missed="27" covered="0"/><counter type="COMPLEXITY" missed="7" covered="0"/><counter type="METHOD" missed="1" covered="0"/></method><method name="buildRecommendationFromCatalog" desc="(Ljava/lang/String;)Lesprit/subscription/DTO/PlanRecommendationDto;" line="280"><counter type="INSTRUCTION" missed="75" covered="0"/><counter type="BRANCH" missed="6" covered="0"/><counter type="LINE" missed="27" covered="0"/><counter type="COMPLEXITY" missed="4" covered="0"/><counter type="METHOD" missed="1" covered="0"/></method><method name="normalizeUserRole" desc="(Ljava/lang/String;)Ljava/lang/String;" line="311"><counter type="INSTRUCTION" missed="19" covered="0"/><counter type="BRANCH" missed="6" covered="0"/><counter type="LINE" missed="6" covered="0"/><counter type="COMPLEXITY" missed="4" covered="0"/><counter type="METHOD" missed="1" covered="0"/></method><method name="roleLabelFr" desc="(Ljava/lang/String;)Ljava/lang/String;" line="322"><counter type="INSTRUCTION" missed="16" covered="0"/><counter type="BRANCH" missed="4" covered="0"/><counter type="LINE" missed="5" covered="0"/><counter type="COMPLEXITY" missed="4" covered="0"/><counter type="METHOD" missed="1" covered="0"/></method><method name="isBestValuePlan" desc="(Lesprit/subscription/entity/PricingPlan;)Z" line="331"><counter type="INSTRUCTION" missed="26" covered="0"/><counter type="BRANCH" missed="6" covered="0"/><counter type="LINE" missed="4" covered="0"/><counter type="COMPLEXITY" missed="4" covered="0"/><counter type="METHOD" missed="1" covered="0"/></method><method name="buildRecommendationReason" desc="(Ljava/lang/String;DJZLesprit/subscription/entity/PricingPlan;)Ljava/lang/String;" line="340"><counter type="INSTRUCTION" missed="85" covered="0"/><counter type="BRANCH" missed="10" covered="0"/><counter type="LINE" missed="12" covered="0"/><counter type="COMPLEXITY" missed="6" covered="0"/><counter type="METHOD" missed="1" covered="0"/></method><method name="delete" desc="(Ljava/lang/Long;)V" line="360"><counter type="INSTRUCTION" missed="5" covered="0"/><counter type="LINE" missed="2" covered="0"/><counter type="COMPLEXITY" missed="1" covered="0"/><counter type="METHOD" missed="1" covered="0"/></method><method name="checkSubscriptionStatus" desc="(Ljava/lang/Long;)Ljava/lang/String;" line="364"><counter type="INSTRUCTION" missed="14" covered="41"/><counter type="BRANCH" missed="6" covered="4"/><counter type="LINE" missed="6" covered="11"/><counter type="COMPLEXITY" missed="5" covered="1"/><counter type="METHOD" missed="0" covered="1"/></method><method name="pauseSubscription" desc="(Ljava/lang/Long;Ljava/lang/Long;I)Lesprit/subscription/entity/Subscription;" line="405"><counter type="INSTRUCTION" missed="23" covered="75"/><counter type="BRANCH" missed="7" covered="5"/><counter type="LINE" missed="4" covered="15"/><counter type="COMPLEXITY" missed="6" covered="1"/><counter type="METHOD" missed="0" covered="1"/></method><method name="resumeSubscriptionEarly" desc="(Ljava/lang/Long;Ljava/lang/Long;)Lesprit/subscription/entity/Subscription;" line="436"><counter type="INSTRUCTION" missed="10" covered="22"/><counter type="BRANCH" missed="2" covered="2"/><counter type="LINE" missed="2" covered="5"/><counter type="COMPLEXITY" missed="2" covered="1"/><counter type="METHOD" missed="0" covered="1"/></method><method name="processPausedSubscriptionsResumeDue" desc="()V" line="449"><counter type="INSTRUCTION" missed="8" covered="27"/><counter type="BRANCH" missed="0" covered="2"/><counter type="LINE" missed="2" covered="7"/><counter type="COMPLEXITY" missed="0" covered="2"/><counter type="METHOD" missed="0" covered="1"/></method><method name="applyResume" desc="(Lesprit/subscription/entity/Subscription;)Lesprit/subscription/entity/Subscription;" line="461"><counter type="INSTRUCTION" missed="20" covered="27"/><counter type="BRANCH" missed="3" covered="1"/><counter type="LINE" missed="3" covered="8"/><counter type="COMPLEXITY" missed="2" covered="1"/><counter type="METHOD" missed="0" covered="1"/></method><method name="countAll" desc="()J" line="483"><counter type="INSTRUCTION" missed="4" covered="0"/><counter type="LINE" missed="1" covered="0"/><counter type="COMPLEXITY" missed="1" covered="0"/><counter type="METHOD" missed="1" covered="0"/></method><method name="countByStatus" desc="(Ljava/lang/String;)J" line="487"><counter type="INSTRUCTION" missed="5" covered="0"/><counter type="LINE" missed="1" covered="0"/><counter type="COMPLEXITY" missed="1" covered="0"/><counter type="METHOD" missed="1" covered="0"/></method><method name="countByBillingCycle" desc="()Ljava/util/List;" line="491"><counter type="INSTRUCTION" missed="4" covered="0"/><counter type="LINE" missed="1" covered="0"/><counter type="COMPLEXITY" missed="1" covered="0"/><counter type="METHOD" missed="1" covered="0"/></method><method name="countByUserRole" desc="()Ljava/util/List;" line="495"><counter type="INSTRUCTION" missed="4" covered="0"/><counter type="LINE" missed="1" covered="0"/><counter type="COMPLEXITY" missed="1" covered="0"/><counter type="METHOD" missed="1" covered="0"/></method><method name="countGroupByStatus" desc="()Ljava/util/List;" line="499"><counter type="INSTRUCTION" missed="4" covered="0"/><counter type="LINE" missed="1" covered="0"/><counter type="COMPLEXITY" missed="1" covered="0"/><counter type="METHOD" missed="1" covered="0"/></method><method name="countByPlanName" desc="()Ljava/util/List;" line="503"><counter type="INSTRUCTION" missed="4" covered="0"/><counter type="LINE" missed="1" covered="0"/><counter type="COMPLEXITY" missed="1" covered="0"/><counter type="METHOD" missed="1" covered="0"/></method><method name="countActiveByPlanName" desc="()Ljava/util/List;" line="507"><counter type="INSTRUCTION" missed="4" covered="0"/><counter type="LINE" missed="1" covered="0"/><counter type="COMPLEXITY" missed="1" covered="0"/><counter type="METHOD" missed="1" covered="0"/></method><method name="calculateMonthlyRevenue" desc="()Ljava/lang/Double;" line="511"><counter type="INSTRUCTION" missed="12" covered="0"/><counter type="BRANCH" missed="2" covered="0"/><counter type="LINE" missed="2" covered="0"/><counter type="COMPLEXITY" missed="2" covered="0"/><counter type="METHOD" missed="1" covered="0"/></method><method name="calculateYearlyRevenue" desc="()Ljava/lang/Double;" line="516"><counter type="INSTRUCTION" missed="12" covered="0"/><counter type="BRANCH" missed="2" covered="0"/><counter type="LINE" missed="2" covered="0"/><counter type="COMPLEXITY" missed="2" covered="0"/><counter type="METHOD" missed="1" covered="0"/></method><method name="findPaymentByExternalRef" desc="(Ljava/lang/String;)Ljava/util/Optional;" line="522"><counter type="INSTRUCTION" missed="6" covered="0"/><counter type="LINE" missed="1" covered="0"/><counter type="COMPLEXITY" missed="1" covered="0"/><counter type="METHOD" missed="1" covered="0"/></method><method name="recordSuccessfulCheckoutPayment" desc="(Ljava/lang/Long;Ljava/lang/Long;Ljava/lang/String;Ljava/lang/String;Ljava/lang/String;Ljava/time/LocalDateTime;)V" line="534"><counter type="INSTRUCTION" missed="34" covered="0"/><counter type="LINE" missed="11" covered="0"/><counter type="COMPLEXITY" missed="1" covered="0"/><counter type="METHOD" missed="1" covered="0"/></method><method name="saveLoyaltyAccount" desc="(Lesprit/subscription/entity/UserLoyaltyAccount;)V" line="548"><counter type="INSTRUCTION" missed="6" covered="0"/><counter type="LINE" missed="2" covered="0"/><counter type="COMPLEXITY" missed="1" covered="0"/><counter type="METHOD" missed="1" covered="0"/></method><method name="getUserProfile" desc="(Ljava/lang/Long;)Lesprit/subscription/DTO/UserProfileDto;" line="553"><counter type="INSTRUCTION" missed="5" covered="0"/><counter type="LINE" missed="1" covered="0"/><counter type="COMPLEXITY" missed="1" covered="0"/><counter type="METHOD" missed="1" covered="0"/></method><method name="getCompanyProfile" desc="(Ljava/lang/Long;)Lesprit/subscription/DTO/CompanyDto;" line="558"><counter type="INSTRUCTION" missed="5" covered="0"/><counter type="LINE" missed="1" covered="0"/><counter type="COMPLEXITY" missed="1" covered="0"/><counter type="METHOD" missed="1" covered="0"/></method><method name="lambda$resumeSubscriptionEarly$5" desc="()Ljava/lang/IllegalArgumentException;" line="437"><counter type="INSTRUCTION" missed="5" covered="0"/><counter type="LINE" missed="1" covered="0"/><counter type="COMPLEXITY" missed="1" covered="0"/><counter type="METHOD" missed="1" covered="0"/></method><method name="lambda$pauseSubscription$4" desc="()Ljava/lang/IllegalArgumentException;" line="409"><counter type="INSTRUCTION" missed="5" covered="0"/><counter type="LINE" missed="1" covered="0"/><counter type="COMPLEXITY" missed="1" covered="0"/><counter type="METHOD" missed="1" covered="0"/></method><method name="lambda$buildRecommendationFromCatalog$3" desc="(Lesprit/subscription/entity/PricingPlan;)Z" line="292"><counter type="INSTRUCTION" missed="5" covered="0"/><counter type="LINE" missed="1" covered="0"/><counter type="COMPLEXITY" missed="1" covered="0"/><counter type="METHOD" missed="1" covered="0"/></method><method name="lambda$setAutoRenew$2" desc="(Ljava/lang/Long;)Ljava/lang/RuntimeException;" line="164"><counter type="INSTRUCTION" missed="6" covered="0"/><counter type="LINE" missed="1" covered="0"/><counter type="COMPLEXITY" missed="1" covered="0"/><counter type="METHOD" missed="1" covered="0"/></method><method name="lambda$toggleAutoRenew$1" desc="(Ljava/lang/Long;)Ljava/lang/RuntimeException;" line="155"><counter type="INSTRUCTION" missed="6" covered="0"/><counter type="LINE" missed="1" covered="0"/><counter type="COMPLEXITY" missed="1" covered="0"/><counter type="METHOD" missed="1" covered="0"/></method><method name="lambda$attachStripeSubscriptionId$0" desc="(Ljava/lang/Long;)Ljava/lang/IllegalArgumentException;" line="100"><counter type="INSTRUCTION" missed="6" covered="0"/><counter type="LINE" missed="1" covered="0"/><counter type="COMPLEXITY" missed="1" covered="0"/><counter type="METHOD" missed="1" covered="0"/></method><method name="&lt;clinit&gt;" desc="()V" line="28"><counter type="INSTRUCTION" missed="0" covered="4"/><counter type="LINE" missed="0" covered="1"/><counter type="COMPLEXITY" missed="0" covered="1"/><counter type="METHOD" missed="0" covered="1"/></method><counter type="INSTRUCTION" missed="932" covered="339"/><counter type="BRANCH" missed="97" covered="19"/><counter type="LINE" missed="207" covered="81"/><counter type="COMPLEXITY" missed="95" covered="11"/><counter type="METHOD" missed="38" covered="9"/><counter type="CLASS" missed="0" covered="1"/></class><class name="esprit/subscription/service/GroqChatClient" sourcefilename="GroqChatClient.java"><method name="&lt;init&gt;" desc="(Lorg/springframework/web/client/RestTemplate;Lesprit/subscription/config/GroqProperties;Lcom/fasterxml/jackson/databind/ObjectMapper;)V" line="31"><counter type="INSTRUCTION" missed="0" covered="12"/><counter type="LINE" missed="0" covered="5"/><counter type="COMPLEXITY" missed="0" covered="1"/><counter type="METHOD" missed="0" covered="1"/></method><method name="completeJson" desc="(Ljava/lang/String;Ljava/lang/String;)Ljava/util/Optional;" line="41"><counter type="INSTRUCTION" missed="6" covered="0"/><counter type="LINE" missed="1" covered="0"/><counter type="COMPLEXITY" missed="1" covered="0"/><counter type="METHOD" missed="1" covered="0"/></method><method name="completeJson" desc="(Ljava/lang/String;Ljava/lang/String;D)Ljava/util/Optional;" line="48"><counter type="INSTRUCTION" missed="135" covered="0"/><counter type="BRANCH" missed="14" covered="0"/><counter type="LINE" missed="25" covered="0"/><counter type="COMPLEXITY" missed="8" covered="0"/><counter type="METHOD" missed="1" covered="0"/></method><method name="&lt;clinit&gt;" desc="()V" line="25"><counter type="INSTRUCTION" missed="0" covered="4"/><counter type="LINE" missed="0" covered="1"/><counter type="COMPLEXITY" missed="0" covered="1"/><counter type="METHOD" missed="0" covered="1"/></method><counter type="INSTRUCTION" missed="141" covered="16"/><counter type="BRANCH" missed="14" covered="0"/><counter type="LINE" missed="26" covered="6"/><counter type="COMPLEXITY" missed="9" covered="2"/><counter type="METHOD" missed="2" covered="2"/><counter type="CLASS" missed="0" covered="1"/></class><class name="esprit/subscription/service/StripeSubscriptionSyncService" sourcefilename="StripeSubscriptionSyncService.java"><method name="&lt;init&gt;" desc="()V" line="22"><counter type="INSTRUCTION" missed="0" covered="3"/><counter type="LINE" missed="0" covered="1"/><counter type="COMPLEXITY" missed="0" covered="1"/><counter type="METHOD" missed="0" covered="1"/></method><method name="pauseOnStripeIfPresent" desc="(Ljava/lang/String;Ljava/time/LocalDateTime;)V" line="30"><counter type="INSTRUCTION" missed="64" covered="0"/><counter type="BRANCH" missed="12" covered="0"/><counter type="LINE" missed="21" covered="0"/><counter type="COMPLEXITY" missed="7" covered="0"/><counter type="METHOD" missed="1" covered="0"/></method><method name="resumeOnStripeIfPresent" desc="(Ljava/lang/String;)V" line="56"><counter type="INSTRUCTION" missed="51" covered="0"/><counter type="BRANCH" missed="10" covered="0"/><counter type="LINE" missed="14" covered="0"/><counter type="COMPLEXITY" missed="6" covered="0"/><counter type="METHOD" missed="1" covered="0"/></method><method name="&lt;clinit&gt;" desc="()V" line="24"><counter type="INSTRUCTION" missed="0" covered="4"/><counter type="LINE" missed="0" covered="1"/><counter type="COMPLEXITY" missed="0" covered="1"/><counter type="METHOD" missed="0" covered="1"/></method><counter type="INSTRUCTION" missed="115" covered="7"/><counter type="BRANCH" missed="22" covered="0"/><counter type="LINE" missed="35" covered="2"/><counter type="COMPLEXITY" missed="13" covered="2"/><counter type="METHOD" missed="2" covered="2"/><counter type="CLASS" missed="0" covered="1"/></class><class name="esprit/subscription/service/SubscriptionExpiryScheduler" sourcefilename="SubscriptionExpiryScheduler.java"><method name="&lt;init&gt;" desc="(Lesprit/subscription/service/SubscriptionService;Lesprit/subscription/service/EmailService;Lesprit/subscription/client/EntrepriseClient;Lesprit/subscription/service/PromoCodeService;)V" line="29"><counter type="INSTRUCTION" missed="0" covered="15"/><counter type="LINE" missed="0" covered="6"/><counter type="COMPLEXITY" missed="0" covered="1"/><counter type="METHOD" missed="0" covered="1"/></method><method name="checkAndSendExpiryEmails" desc="()V" line="39"><counter type="INSTRUCTION" missed="7" covered="0"/><counter type="LINE" missed="2" covered="0"/><counter type="COMPLEXITY" missed="1" covered="0"/><counter type="METHOD" missed="1" covered="0"/></method><method name="processBirthdayPromos" desc="()V" line="67"><counter type="INSTRUCTION" missed="90" covered="0"/><counter type="BRANCH" missed="22" covered="0"/><counter type="LINE" missed="24" covered="0"/><counter type="COMPLEXITY" missed="12" covered="0"/><counter type="METHOD" missed="1" covered="0"/></method><method name="processAutoRenewals" desc="()V" line="105"><counter type="INSTRUCTION" missed="10" covered="0"/><counter type="LINE" missed="5" covered="0"/><counter type="COMPLEXITY" missed="1" covered="0"/><counter type="METHOD" missed="1" covered="0"/></method><method name="lambda$processBirthdayPromos$1" desc="(Lesprit/subscription/DTO/CompanyDto;Lesprit/subscription/entity/PromoCode;)V" line="91"><counter type="INSTRUCTION" missed="15" covered="0"/><counter type="BRANCH" missed="2" covered="0"/><counter type="LINE" missed="4" covered="0"/><counter type="COMPLEXITY" missed="2" covered="0"/><counter type="METHOD" missed="1" covered="0"/></method><method name="lambda$checkAndSendExpiryEmails$0" desc="(Lesprit/subscription/entity/Subscription;)V" line="41"><counter type="INSTRUCTION" missed="56" covered="0"/><counter type="BRANCH" missed="14" covered="0"/><counter type="LINE" missed="14" covered="0"/><counter type="COMPLEXITY" missed="8" covered="0"/><counter type="METHOD" missed="1" covered="0"/></method><method name="&lt;clinit&gt;" desc="()V" line="18"><counter type="INSTRUCTION" missed="0" covered="4"/><counter type="LINE" missed="0" covered="1"/><counter type="COMPLEXITY" missed="0" covered="1"/><counter type="METHOD" missed="0" covered="1"/></method><counter type="INSTRUCTION" missed="178" covered="19"/><counter type="BRANCH" missed="38" covered="0"/><counter type="LINE" missed="48" covered="7"/><counter type="COMPLEXITY" missed="24" covered="2"/><counter type="METHOD" missed="5" covered="2"/><counter type="CLASS" missed="0" covered="1"/></class><class name="esprit/subscription/service/TutorSalaryRecommendationService" sourcefilename="TutorSalaryRecommendationService.java"><method name="&lt;init&gt;" desc="(Lesprit/subscription/repository/SubscriptionRepository;Lesprit/subscription/repository/PaymentRecordRepository;Lesprit/subscription/client/UserClient;Lesprit/subscription/service/GroqChatClient;Lcom/fasterxml/jackson/databind/ObjectMapper;)V" line="74"><counter type="INSTRUCTION" missed="0" covered="18"/><counter type="LINE" missed="0" covered="7"/><counter type="COMPLEXITY" missed="0" covered="1"/><counter type="METHOD" missed="0" covered="1"/></method><method name="recommend" desc="(Ljava/lang/Long;Ljava/lang/Double;)Lesprit/subscription/DTO/ai/TutorSalaryRecommendationDto;" line="85"><counter type="INSTRUCTION" missed="17" covered="316"/><counter type="BRANCH" missed="9" covered="17"/><counter type="LINE" missed="3" covered="63"/><counter type="COMPLEXITY" missed="9" covered="5"/><counter type="METHOD" missed="0" covered="1"/></method><method name="withAiExplanation" desc="(Lesprit/subscription/DTO/ai/TutorSalaryRecommendationDto;)Lesprit/subscription/DTO/ai/TutorSalaryRecommendationDto;" line="179"><counter type="INSTRUCTION" missed="31" covered="139"/><counter type="BRANCH" missed="14" covered="8"/><counter type="LINE" missed="4" covered="36"/><counter type="COMPLEXITY" missed="10" covered="2"/><counter type="METHOD" missed="0" covered="1"/></method><method name="buildAiPayload" desc="(Lesprit/subscription/DTO/ai/TutorSalaryRecommendationDto;)Ljava/lang/String;" line="225"><counter type="INSTRUCTION" missed="0" covered="118"/><counter type="LINE" missed="0" covered="20"/><counter type="COMPLEXITY" missed="0" covered="1"/><counter type="METHOD" missed="0" covered="1"/></method><method name="tryEnrichProfile" desc="(Ljava/lang/Long;)Lesprit/subscription/DTO/UserProfileDto;" line="249"><counter type="INSTRUCTION" missed="7" covered="5"/><counter type="LINE" missed="3" covered="1"/><counter type="COMPLEXITY" missed="0" covered="1"/><counter type="METHOD" missed="0" covered="1"/></method><method name="normalizeRole" desc="(Ljava/lang/String;)Ljava/lang/String;" line="257"><counter type="INSTRUCTION" missed="2" covered="21"/><counter type="BRANCH" missed="3" covered="5"/><counter type="LINE" missed="1" covered="5"/><counter type="COMPLEXITY" missed="3" covered="2"/><counter type="METHOD" missed="0" covered="1"/></method><method name="estimateMonthsActive" desc="(Ljava/util/List;)I" line="268"><counter type="INSTRUCTION" missed="0" covered="15"/><counter type="LINE" missed="0" covered="5"/><counter type="COMPLEXITY" missed="0" covered="1"/><counter type="METHOD" missed="0" covered="1"/></method><method name="defaultTopFactors" desc="(DIJJD)Ljava/util/List;" line="282"><counter type="INSTRUCTION" missed="0" covered="29"/><counter type="LINE" missed="0" covered="6"/><counter type="COMPLEXITY" missed="0" covered="1"/><counter type="METHOD" missed="0" covered="1"/></method><method name="defaultTips" desc="(DD)Ljava/util/List;" line="291"><counter type="INSTRUCTION" missed="8" covered="23"/><counter type="BRANCH" missed="2" covered="2"/><counter type="LINE" missed="2" covered="6"/><counter type="COMPLEXITY" missed="2" covered="1"/><counter type="METHOD" missed="0" covered="1"/></method><method name="fallbackSummary" desc="(DDDD)Ljava/lang/String;" line="305"><counter type="INSTRUCTION" missed="0" covered="10"/><counter type="LINE" missed="0" covered="5"/><counter type="COMPLEXITY" missed="0" covered="1"/><counter type="METHOD" missed="0" covered="1"/></method><method name="toTextList" desc="(Lcom/fasterxml/jackson/databind/JsonNode;)Ljava/util/List;" line="317"><counter type="INSTRUCTION" missed="2" covered="34"/><counter type="BRANCH" missed="3" covered="5"/><counter type="LINE" missed="1" covered="9"/><counter type="COMPLEXITY" missed="3" covered="2"/><counter type="METHOD" missed="0" covered="1"/></method><method name="intOrNull" desc="(Lcom/fasterxml/jackson/databind/JsonNode;)Ljava/lang/Integer;" line="332"><counter type="INSTRUCTION" missed="13" covered="15"/><counter type="BRANCH" missed="10" covered="4"/><counter type="LINE" missed="2" covered="3"/><counter type="COMPLEXITY" missed="7" covered="1"/><counter type="METHOD" missed="0" covered="1"/></method><method name="textOrNull" desc="(Lcom/fasterxml/jackson/databind/JsonNode;)Ljava/lang/String;" line="342"><counter type="INSTRUCTION" missed="4" covered="19"/><counter type="BRANCH" missed="5" covered="5"/><counter type="LINE" missed="2" covered="4"/><counter type="COMPLEXITY" missed="5" covered="1"/><counter type="METHOD" missed="0" covered="1"/></method><method name="safeDouble" desc="(Ljava/lang/Double;)D" line="353"><counter type="INSTRUCTION" missed="0" covered="11"/><counter type="BRANCH" missed="1" covered="3"/><counter type="LINE" missed="0" covered="1"/><counter type="COMPLEXITY" missed="1" covered="2"/><counter type="METHOD" missed="0" covered="1"/></method><method name="clamp" desc="(DDD)D" line="357"><counter type="INSTRUCTION" missed="0" covered="6"/><counter type="LINE" missed="0" covered="1"/><counter type="COMPLEXITY" missed="0" covered="1"/><counter type="METHOD" missed="0" covered="1"/></method><method name="round2" desc="(D)D" line="361"><counter type="INSTRUCTION" missed="0" covered="8"/><counter type="LINE" missed="0" covered="1"/><counter type="COMPLEXITY" missed="0" covered="1"/><counter type="METHOD" missed="0" covered="1"/></method><method name="lambda$estimateMonthsActive$1" desc="(Lesprit/subscription/entity/Subscription;)Ljava/lang/Integer;" line="272"><counter type="INSTRUCTION" missed="0" covered="19"/><counter type="LINE" missed="0" covered="4"/><counter type="COMPLEXITY" missed="0" covered="1"/><counter type="METHOD" missed="0" covered="1"/></method><method name="lambda$estimateMonthsActive$0" desc="(Lesprit/subscription/entity/Subscription;)Z" line="269"><counter type="INSTRUCTION" missed="1" covered="6"/><counter type="BRANCH" missed="1" covered="1"/><counter type="LINE" missed="0" covered="1"/><counter type="COMPLEXITY" missed="1" covered="1"/><counter type="METHOD" missed="0" covered="1"/></method><method name="&lt;clinit&gt;" desc="()V" line="30"><counter type="INSTRUCTION" missed="0" covered="4"/><counter type="LINE" missed="0" covered="1"/><counter type="COMPLEXITY" missed="0" covered="1"/><counter type="METHOD" missed="0" covered="1"/></method><counter type="INSTRUCTION" missed="85" covered="816"/><counter type="BRANCH" missed="48" covered="50"/><counter type="LINE" missed="18" covered="178"/><counter type="COMPLEXITY" missed="41" covered="27"/><counter type="METHOD" missed="0" covered="19"/><counter type="CLASS" missed="0" covered="1"/></class><class name="esprit/subscription/service/StripeLoyaltyCouponService$LoyaltyCouponResult" sourcefilename="StripeLoyaltyCouponService.java"><method name="&lt;init&gt;" desc="(Ljava/lang/String;Ljava/lang/String;Ljava/lang/String;)V" line="26"><counter type="INSTRUCTION" missed="12" covered="0"/><counter type="LINE" missed="1" covered="0"/><counter type="COMPLEXITY" missed="1" covered="0"/><counter type="METHOD" missed="1" covered="0"/></method><counter type="INSTRUCTION" missed="12" covered="0"/><counter type="LINE" missed="1" covered="0"/><counter type="COMPLEXITY" missed="1" covered="0"/><counter type="METHOD" missed="1" covered="0"/><counter type="CLASS" missed="1" covered="0"/></class><class name="esprit/subscription/service/UserBlockService" sourcefilename="UserBlockService.java"><method name="&lt;init&gt;" desc="(Lesprit/subscription/repository/UserBlockRepository;Lorg/springframework/context/ApplicationEventPublisher;)V" line="23"><counter type="INSTRUCTION" missed="0" covered="9"/><counter type="LINE" missed="0" covered="4"/><counter type="COMPLEXITY" missed="0" covered="1"/><counter type="METHOD" missed="0" covered="1"/></method><method name="blockUser" desc="(Ljava/lang/String;Ljava/lang/String;Ljava/lang/String;)Lesprit/subscription/entity/UserBlock;" line="30"><counter type="INSTRUCTION" missed="105" covered="0"/><counter type="BRANCH" missed="10" covered="0"/><counter type="LINE" missed="25" covered="0"/><counter type="COMPLEXITY" missed="6" covered="0"/><counter type="METHOD" missed="1" covered="0"/></method><method name="isLivenessForbidden" desc="(Ljava/lang/String;)Z" line="65"><counter type="INSTRUCTION" missed="19" covered="0"/><counter type="BRANCH" missed="4" covered="0"/><counter type="LINE" missed="4" covered="0"/><counter type="COMPLEXITY" missed="3" covered="0"/><counter type="METHOD" missed="1" covered="0"/></method><method name="isPaymentBlocked" desc="(Ljava/lang/String;)Z" line="74"><counter type="INSTRUCTION" missed="19" covered="0"/><counter type="BRANCH" missed="4" covered="0"/><counter type="LINE" missed="4" covered="0"/><counter type="COMPLEXITY" missed="3" covered="0"/><counter type="METHOD" missed="1" covered="0"/></method><method name="requestUnlock" desc="(Ljava/lang/String;)Lesprit/subscription/entity/UserBlock;" line="82"><counter type="INSTRUCTION" missed="27" covered="0"/><counter type="BRANCH" missed="2" covered="0"/><counter type="LINE" missed="6" covered="0"/><counter type="COMPLEXITY" missed="2" covered="0"/><counter type="METHOD" missed="1" covered="0"/></method><method name="approveUnlock" desc="(Ljava/lang/Long;Ljava/lang/String;)Lesprit/subscription/entity/UserBlock;" line="93"><counter type="INSTRUCTION" missed="27" covered="0"/><counter type="BRANCH" missed="2" covered="0"/><counter type="LINE" missed="6" covered="0"/><counter type="COMPLEXITY" missed="2" covered="0"/><counter type="METHOD" missed="1" covered="0"/></method><method name="rejectUnlock" desc="(Ljava/lang/Long;Ljava/lang/String;Ljava/lang/String;)Lesprit/subscription/entity/UserBlock;" line="103"><counter type="INSTRUCTION" missed="37" covered="0"/><counter type="BRANCH" missed="6" covered="0"/><counter type="LINE" missed="6" covered="0"/><counter type="COMPLEXITY" missed="4" covered="0"/><counter type="METHOD" missed="1" covered="0"/></method><method name="findByUserId" desc="(Ljava/lang/String;)Ljava/util/Optional;" line="113"><counter type="INSTRUCTION" missed="5" covered="0"/><counter type="LINE" missed="1" covered="0"/><counter type="COMPLEXITY" missed="1" covered="0"/><counter type="METHOD" missed="1" covered="0"/></method><method name="findById" desc="(Ljava/lang/Long;)Ljava/util/Optional;" line="118"><counter type="INSTRUCTION" missed="5" covered="0"/><counter type="LINE" missed="1" covered="0"/><counter type="COMPLEXITY" missed="1" covered="0"/><counter type="METHOD" missed="1" covered="0"/></method><method name="getByIdOrThrow" desc="(Ljava/lang/Long;)Lesprit/subscription/entity/UserBlock;" line="123"><counter type="INSTRUCTION" missed="8" covered="0"/><counter type="LINE" missed="2" covered="0"/><counter type="COMPLEXITY" missed="1" covered="0"/><counter type="METHOD" missed="1" covered="0"/></method><method name="save" desc="(Lesprit/subscription/entity/UserBlock;)Lesprit/subscription/entity/UserBlock;" line="129"><counter type="INSTRUCTION" missed="6" covered="0"/><counter type="LINE" missed="1" covered="0"/><counter type="COMPLEXITY" missed="1" covered="0"/><counter type="METHOD" missed="1" covered="0"/></method><method name="findPendingReview" desc="()Ljava/util/List;" line="133"><counter type="INSTRUCTION" missed="5" covered="0"/><counter type="LINE" missed="1" covered="0"/><counter type="COMPLEXITY" missed="1" covered="0"/><counter type="METHOD" missed="1" covered="0"/></method><method name="findAllBlocks" desc="()Ljava/util/List;" line="137"><counter type="INSTRUCTION" missed="4" covered="0"/><counter type="LINE" missed="1" covered="0"/><counter type="COMPLEXITY" missed="1" covered="0"/><counter type="METHOD" missed="1" covered="0"/></method><method name="historyForUser" desc="(Ljava/lang/String;)Ljava/util/List;" line="141"><counter type="INSTRUCTION" missed="10" covered="0"/><counter type="LINE" missed="1" covered="0"/><counter type="COMPLEXITY" missed="1" covered="0"/><counter type="METHOD" missed="1" covered="0"/></method><method name="lambda$getByIdOrThrow$5" desc="()Lorg/springframework/web/server/ResponseStatusException;" line="124"><counter type="INSTRUCTION" missed="6" covered="0"/><counter type="LINE" missed="1" covered="0"/><counter type="COMPLEXITY" missed="1" covered="0"/><counter type="METHOD" missed="1" covered="0"/></method><method name="lambda$rejectUnlock$4" desc="()Lorg/springframework/web/server/ResponseStatusException;" line="104"><counter type="INSTRUCTION" missed="6" covered="0"/><counter type="LINE" missed="1" covered="0"/><counter type="COMPLEXITY" missed="1" covered="0"/><counter type="METHOD" missed="1" covered="0"/></method><method name="lambda$approveUnlock$3" desc="()Lorg/springframework/web/server/ResponseStatusException;" line="94"><counter type="INSTRUCTION" missed="6" covered="0"/><counter type="LINE" missed="1" covered="0"/><counter type="COMPLEXITY" missed="1" covered="0"/><counter type="METHOD" missed="1" covered="0"/></method><method name="lambda$requestUnlock$2" desc="()Lorg/springframework/web/server/ResponseStatusException;" line="83"><counter type="INSTRUCTION" missed="6" covered="0"/><counter type="LINE" missed="1" covered="0"/><counter type="COMPLEXITY" missed="1" covered="0"/><counter type="METHOD" missed="1" covered="0"/></method><method name="lambda$isPaymentBlocked$1" desc="(Lesprit/subscription/entity/UserBlock;)Ljava/lang/Boolean;" line="76"><counter type="INSTRUCTION" missed="13" covered="0"/><counter type="BRANCH" missed="4" covered="0"/><counter type="LINE" missed="1" covered="0"/><counter type="COMPLEXITY" missed="3" covered="0"/><counter type="METHOD" missed="1" covered="0"/></method><method name="lambda$isLivenessForbidden$0" desc="(Lesprit/subscription/entity/UserBlock;)Ljava/lang/Boolean;" line="67"><counter type="INSTRUCTION" missed="9" covered="0"/><counter type="BRANCH" missed="2" covered="0"/><counter type="LINE" missed="1" covered="0"/><counter type="COMPLEXITY" missed="2" covered="0"/><counter type="METHOD" missed="1" covered="0"/></method><counter type="INSTRUCTION" missed="323" covered="9"/><counter type="BRANCH" missed="34" covered="0"/><counter type="LINE" missed="59" covered="4"/><counter type="COMPLEXITY" missed="36" covered="1"/><counter type="METHOD" missed="19" covered="1"/><counter type="CLASS" missed="0" covered="1"/></class><class name="esprit/subscription/service/UnlockChatAiProcessor" sourcefilename="UnlockChatAiProcessor.java"><method name="&lt;init&gt;" desc="(Lesprit/subscription/service/GroqChatClient;Lesprit/subscription/repository/UnlockChatSessionRepository;Lesprit/subscription/repository/UnlockChatMessageRepository;Lesprit/subscription/service/UserBlockService;Lesprit/subscription/service/SseStreamService;Lcom/fasterxml/jackson/databind/ObjectMapper;Lesprit/subscription/service/EmailService;Lesprit/subscription/service/AdminNotificationService;Lesprit/subscription/config/LivenessAdminAuthHelper;)V" line="113"><counter type="INSTRUCTION" missed="0" covered="30"/><counter type="LINE" missed="0" covered="11"/><counter type="COMPLEXITY" missed="0" covered="1"/><counter type="METHOD" missed="0" covered="1"/></method><method name="process" desc="(Ljava/lang/Long;Z)V" line="127"><counter type="INSTRUCTION" missed="344" covered="0"/><counter type="BRANCH" missed="36" covered="0"/><counter type="LINE" missed="70" covered="0"/><counter type="COMPLEXITY" missed="19" covered="0"/><counter type="METHOD" missed="1" covered="0"/></method><method name="notifyAdminsHumanReviewRequired" desc="(Lesprit/subscription/entity/UnlockChatSession;J)V" line="234"><counter type="INSTRUCTION" missed="165" covered="0"/><counter type="BRANCH" missed="18" covered="0"/><counter type="LINE" missed="37" covered="0"/><counter type="COMPLEXITY" missed="10" covered="0"/><counter type="METHOD" missed="1" covered="0"/></method><method name="parseUserIdJson" desc="(Ljava/lang/String;)Ljava/lang/Object;" line="288"><counter type="INSTRUCTION" missed="12" covered="0"/><counter type="BRANCH" missed="2" covered="0"/><counter type="LINE" missed="5" covered="0"/><counter type="COMPLEXITY" missed="2" covered="0"/><counter type="METHOD" missed="1" covered="0"/></method><method name="persistAnalysisFailure" desc="(Lesprit/subscription/entity/UnlockChatSession;Lesprit/subscription/entity/AiDecision;Ljava/lang/String;)V" line="300"><counter type="INSTRUCTION" missed="36" covered="0"/><counter type="LINE" missed="9" covered="0"/><counter type="COMPLEXITY" missed="1" covered="0"/><counter type="METHOD" missed="1" covered="0"/></method><method name="appendSystemMessage" desc="(Lesprit/subscription/entity/UnlockChatSession;Ljava/lang/String;)Lesprit/subscription/entity/UnlockChatMessage;" line="311"><counter type="INSTRUCTION" missed="20" covered="0"/><counter type="LINE" missed="9" covered="0"/><counter type="COMPLEXITY" missed="1" covered="0"/><counter type="METHOD" missed="1" covered="0"/></method><method name="toDto" desc="(Lesprit/subscription/entity/UnlockChatMessage;Ljava/lang/Long;)Lesprit/subscription/DTO/unlockchat/UnlockChatMessageDTO;" line="323"><counter type="INSTRUCTION" missed="17" covered="0"/><counter type="LINE" missed="7" covered="0"/><counter type="COMPLEXITY" missed="1" covered="0"/><counter type="METHOD" missed="1" covered="0"/></method><method name="label" desc="(Lesprit/subscription/entity/MessageSender;)Ljava/lang/String;" line="333"><counter type="INSTRUCTION" missed="12" covered="0"/><counter type="BRANCH" missed="4" covered="0"/><counter type="LINE" missed="5" covered="0"/><counter type="COMPLEXITY" missed="3" covered="0"/><counter type="METHOD" missed="1" covered="0"/></method><method name="parseAiJson" desc="(Ljava/lang/String;)Lcom/fasterxml/jackson/databind/JsonNode;" line="343"><counter type="INSTRUCTION" missed="32" covered="0"/><counter type="BRANCH" missed="6" covered="0"/><counter type="LINE" missed="7" covered="0"/><counter type="COMPLEXITY" missed="4" covered="0"/><counter type="METHOD" missed="1" covered="0"/></method><method name="parseDecision" desc="(Ljava/lang/String;)Lesprit/subscription/entity/AiDecision;" line="355"><counter type="INSTRUCTION" missed="23" covered="0"/><counter type="BRANCH" missed="5" covered="0"/><counter type="LINE" missed="7" covered="0"/><counter type="COMPLEXITY" missed="4" covered="0"/><counter type="METHOD" missed="1" covered="0"/></method><method name="clamp" desc="(III)I" line="367"><counter type="INSTRUCTION" missed="9" covered="0"/><counter type="BRANCH" missed="2" covered="0"/><counter type="LINE" missed="3" covered="0"/><counter type="COMPLEXITY" missed="2" covered="0"/><counter type="METHOD" missed="1" covered="0"/></method><method name="parseConfidence" desc="(Lcom/fasterxml/jackson/databind/JsonNode;)I" line="377"><counter type="INSTRUCTION" missed="64" covered="0"/><counter type="BRANCH" missed="14" covered="0"/><counter type="LINE" missed="18" covered="0"/><counter type="COMPLEXITY" missed="8" covered="0"/><counter type="METHOD" missed="1" covered="0"/></method><method name="lambda$process$0" desc="(Lesprit/subscription/entity/UnlockChatMessage;)Ljava/lang/String;" line="141"><counter type="INSTRUCTION" missed="7" covered="0"/><counter type="LINE" missed="1" covered="0"/><counter type="COMPLEXITY" missed="1" covered="0"/><counter type="METHOD" missed="1" covered="0"/></method><method name="&lt;clinit&gt;" desc="()V" line="39"><counter type="INSTRUCTION" missed="0" covered="4"/><counter type="LINE" missed="0" covered="1"/><counter type="COMPLEXITY" missed="0" covered="1"/><counter type="METHOD" missed="0" covered="1"/></method><counter type="INSTRUCTION" missed="741" covered="34"/><counter type="BRANCH" missed="87" covered="0"/><counter type="LINE" missed="177" covered="12"/><counter type="COMPLEXITY" missed="56" covered="2"/><counter type="METHOD" missed="12" covered="2"/><counter type="CLASS" missed="0" covered="1"/></class><class name="esprit/subscription/service/UnlockChatAiAnalysisService" sourcefilename="UnlockChatAiAnalysisService.java"><method name="&lt;init&gt;" desc="(Lesprit/subscription/service/UnlockChatAiProcessor;)V" line="18"><counter type="INSTRUCTION" missed="0" covered="6"/><counter type="LINE" missed="0" covered="3"/><counter type="COMPLEXITY" missed="0" covered="1"/><counter type="METHOD" missed="0" covered="1"/></method><method name="scheduleAnalysis" desc="(Ljava/lang/Long;)V" line="25"><counter type="INSTRUCTION" missed="14" covered="0"/><counter type="LINE" missed="5" covered="0"/><counter type="COMPLEXITY" missed="1" covered="0"/><counter type="METHOD" missed="1" covered="0"/></method><method name="scheduleForcedAnalysis" desc="(Ljava/lang/Long;)V" line="35"><counter type="INSTRUCTION" missed="14" covered="0"/><counter type="LINE" missed="5" covered="0"/><counter type="COMPLEXITY" missed="1" covered="0"/><counter type="METHOD" missed="1" covered="0"/></method><method name="&lt;clinit&gt;" desc="()V" line="14"><counter type="INSTRUCTION" missed="0" covered="4"/><counter type="LINE" missed="0" covered="1"/><counter type="COMPLEXITY" missed="0" covered="1"/><counter type="METHOD" missed="0" covered="1"/></method><counter type="INSTRUCTION" missed="28" covered="10"/><counter type="LINE" missed="10" covered="4"/><counter type="COMPLEXITY" missed="2" covered="2"/><counter type="METHOD" missed="2" covered="2"/><counter type="CLASS" missed="0" covered="1"/></class><class name="esprit/subscription/service/AdminReVerificationService$ReVerificationRequest" sourcefilename="AdminReVerificationService.java"><method name="&lt;init&gt;" desc="(Ljava/lang/String;Ljava/lang/String;Ljava/lang/Long;Ljava/time/LocalDateTime;Ljava/time/LocalDateTime;Z)V" line="20"><counter type="INSTRUCTION" missed="21" covered="0"/><counter type="LINE" missed="1" covered="0"/><counter type="COMPLEXITY" missed="1" covered="0"/><counter type="METHOD" missed="1" covered="0"/></method><counter type="INSTRUCTION" missed="21" covered="0"/><counter type="LINE" missed="1" covered="0"/><counter type="COMPLEXITY" missed="1" covered="0"/><counter type="METHOD" missed="1" covered="0"/><counter type="CLASS" missed="1" covered="0"/></class><class name="esprit/subscription/service/SubscriptionAIService" sourcefilename="SubscriptionAIService.java"><method name="&lt;init&gt;" desc="(Lesprit/subscription/repository/SubscriptionRepository;Lesprit/subscription/repository/PaymentRecordRepository;Lesprit/subscription/repository/PromoCodeRepository;Lesprit/subscription/repository/FraudAlertRepository;Lesprit/subscription/repository/PricingPlanRepository;Lesprit/subscription/repository/InterventionLogRepository;)V" line="48"><counter type="INSTRUCTION" missed="0" covered="21"/><counter type="LINE" missed="0" covered="8"/><counter type="COMPLEXITY" missed="0" covered="1"/><counter type="METHOD" missed="0" covered="1"/></method><method name="calculateChurnRisk" desc="(Ljava/lang/Long;)Lesprit/subscription/DTO/ai/ChurnRiskDto;" line="61"><counter type="INSTRUCTION" missed="249" covered="0"/><counter type="BRANCH" missed="38" covered="0"/><counter type="LINE" missed="65" covered="0"/><counter type="COMPLEXITY" missed="20" covered="0"/><counter type="METHOD" missed="1" covered="0"/></method><method name="calculateAllChurnRisks" desc="()Ljava/util/List;" line="150"><counter type="INSTRUCTION" missed="23" covered="0"/><counter type="BRANCH" missed="2" covered="0"/><counter type="LINE" missed="6" covered="0"/><counter type="COMPLEXITY" missed="2" covered="0"/><counter type="METHOD" missed="1" covered="0"/></method><method name="getPromoTargets" desc="()Ljava/util/List;" line="162"><counter type="INSTRUCTION" missed="125" covered="0"/><counter type="BRANCH" missed="18" covered="0"/><counter type="LINE" missed="29" covered="0"/><counter type="COMPLEXITY" missed="10" covered="0"/><counter type="METHOD" missed="1" covered="0"/></method><method name="recommendedDiscountPct" desc="(Ljava/lang/String;)I" line="198"><counter type="INSTRUCTION" missed="21" covered="0"/><counter type="BRANCH" missed="6" covered="0"/><counter type="LINE" missed="4" covered="0"/><counter type="COMPLEXITY" missed="4" covered="0"/><counter type="METHOD" missed="1" covered="0"/></method><method name="calculateDna" desc="(Ljava/lang/Long;)Lesprit/subscription/DTO/ai/SubscriptionDnaDto;" line="208"><counter type="INSTRUCTION" missed="115" covered="0"/><counter type="BRANCH" missed="12" covered="0"/><counter type="LINE" missed="27" covered="0"/><counter type="COMPLEXITY" missed="7" covered="0"/><counter type="METHOD" missed="1" covered="0"/></method><method name="dnaDto" desc="(Ljava/lang/Long;Ljava/lang/String;Ljava/lang/String;Ljava/lang/String;Ljava/lang/String;Ljava/util/List;)Lesprit/subscription/DTO/ai/SubscriptionDnaDto;" line="254"><counter type="INSTRUCTION" missed="15" covered="0"/><counter type="LINE" missed="8" covered="0"/><counter type="COMPLEXITY" missed="1" covered="0"/><counter type="METHOD" missed="1" covered="0"/></method><method name="isVolatileProfile" desc="(Ljava/util/List;)Z" line="265"><counter type="INSTRUCTION" missed="72" covered="0"/><counter type="BRANCH" missed="14" covered="0"/><counter type="LINE" missed="11" covered="0"/><counter type="COMPLEXITY" missed="8" covered="0"/><counter type="METHOD" missed="1" covered="0"/></method><method name="isBargainHunter" desc="(Ljava/lang/Long;Ljava/util/List;)Z" line="281"><counter type="INSTRUCTION" missed="28" covered="0"/><counter type="BRANCH" missed="8" covered="0"/><counter type="LINE" missed="3" covered="0"/><counter type="COMPLEXITY" missed="5" covered="0"/><counter type="METHOD" missed="1" covered="0"/></method><method name="isGrowing" desc="(Ljava/util/List;)Z" line="287"><counter type="INSTRUCTION" missed="40" covered="0"/><counter type="BRANCH" missed="4" covered="0"/><counter type="LINE" missed="8" covered="0"/><counter type="COMPLEXITY" missed="3" covered="0"/><counter type="METHOD" missed="1" covered="0"/></method><method name="isLoyalist" desc="(Ljava/lang/Long;Ljava/util/List;)Z" line="299"><counter type="INSTRUCTION" missed="44" covered="0"/><counter type="BRANCH" missed="10" covered="0"/><counter type="LINE" missed="6" covered="0"/><counter type="COMPLEXITY" missed="6" covered="0"/><counter type="METHOD" missed="1" covered="0"/></method><method name="planTier" desc="(Lesprit/subscription/entity/PricingPlan;)I" line="308"><counter type="INSTRUCTION" missed="31" covered="0"/><counter type="BRANCH" missed="10" covered="0"/><counter type="LINE" missed="6" covered="0"/><counter type="COMPLEXITY" missed="6" covered="0"/><counter type="METHOD" missed="1" covered="0"/></method><method name="calculateAllDna" desc="()Ljava/util/List;" line="318"><counter type="INSTRUCTION" missed="19" covered="0"/><counter type="BRANCH" missed="2" covered="0"/><counter type="LINE" missed="3" covered="0"/><counter type="COMPLEXITY" missed="2" covered="0"/><counter type="METHOD" missed="1" covered="0"/></method><method name="getIntervention" desc="(Ljava/lang/Long;)Lesprit/subscription/DTO/ai/InterventionDto;" line="327"><counter type="INSTRUCTION" missed="186" covered="0"/><counter type="BRANCH" missed="38" covered="0"/><counter type="LINE" missed="34" covered="0"/><counter type="COMPLEXITY" missed="20" covered="0"/><counter type="METHOD" missed="1" covered="0"/></method><method name="baseIntervention" desc="(Ljava/lang/Long;Ljava/lang/String;Ljava/lang/String;ILjava/lang/String;Ljava/lang/String;I)Lesprit/subscription/DTO/ai/InterventionDto;" line="374"><counter type="INSTRUCTION" missed="17" covered="0"/><counter type="LINE" missed="9" covered="0"/><counter type="COMPLEXITY" missed="1" covered="0"/><counter type="METHOD" missed="1" covered="0"/></method><method name="isPremiumName" desc="(Ljava/lang/String;)Z" line="386"><counter type="INSTRUCTION" missed="11" covered="0"/><counter type="BRANCH" missed="4" covered="0"/><counter type="LINE" missed="1" covered="0"/><counter type="COMPLEXITY" missed="3" covered="0"/><counter type="METHOD" missed="1" covered="0"/></method><method name="nextPlanFromCatalog" desc="(Ljava/lang/String;)Ljava/lang/String;" line="390"><counter type="INSTRUCTION" missed="28" covered="0"/><counter type="BRANCH" missed="2" covered="0"/><counter type="LINE" missed="9" covered="0"/><counter type="COMPLEXITY" missed="2" covered="0"/><counter type="METHOD" missed="1" covered="0"/></method><method name="nextPlanFallback" desc="(Ljava/lang/String;)Ljava/lang/String;" line="403"><counter type="INSTRUCTION" missed="21" covered="0"/><counter type="BRANCH" missed="6" covered="0"/><counter type="LINE" missed="4" covered="0"/><counter type="COMPLEXITY" missed="4" covered="0"/><counter type="METHOD" missed="1" covered="0"/></method><method name="planTierFromName" desc="(Ljava/lang/String;)I" line="410"><counter type="INSTRUCTION" missed="27" covered="0"/><counter type="BRANCH" missed="8" covered="0"/><counter type="LINE" missed="6" covered="0"/><counter type="COMPLEXITY" missed="5" covered="0"/><counter type="METHOD" missed="1" covered="0"/></method><method name="consecutiveActiveMonths" desc="(Lesprit/subscription/entity/Subscription;)I" line="419"><counter type="INSTRUCTION" missed="25" covered="0"/><counter type="BRANCH" missed="2" covered="0"/><counter type="LINE" missed="4" covered="0"/><counter type="COMPLEXITY" missed="2" covered="0"/><counter type="METHOD" missed="1" covered="0"/></method><method name="getAllInterventions" desc="()Ljava/util/List;" line="427"><counter type="INSTRUCTION" missed="27" covered="0"/><counter type="BRANCH" missed="2" covered="0"/><counter type="LINE" missed="7" covered="0"/><counter type="COMPLEXITY" missed="2" covered="0"/><counter type="METHOD" missed="1" covered="0"/></method><method name="getOptimalContactWindow" desc="(Ljava/lang/Long;)Lesprit/subscription/DTO/ai/ContactWindowDto;" line="440"><counter type="INSTRUCTION" missed="181" covered="0"/><counter ty
[...]
<sourcefile name="RevenueForecastDto.java"><line nr="11" mi="317" ci="0" mb="42" cb="0"/><line nr="12" mi="94" ci="0" mb="0" cb="0"/><line nr="13" mi="3" ci="0" mb="0" cb="0"/><line nr="14" mi="30" ci="0" mb="0" cb="0"/><line nr="16" mi="3" ci="0" mb="0" cb="0"/><line nr="17" mi="3" ci="0" mb="0" cb="0"/><line nr="18" mi="3" ci="0" mb="0" cb="0"/><line nr="19" mi="3" ci="0" mb="0" cb="0"/><line nr="20" mi="3" ci="0" mb="0" cb="0"/><line nr="21" mi="3" ci="0" mb="0" cb="0"/><line nr="23" mi="3" ci="0" mb="0" cb="0"/><line nr="25" mi="3" ci="0" mb="0" cb="0"/><line nr="26" mi="3" ci="0" mb="0" cb="0"/><counter type="INSTRUCTION" missed="471" covered="0"/><counter type="BRANCH" missed="42" covered="0"/><counter type="LINE" missed="13" covered="0"/><counter type="COMPLEXITY" missed="58" covered="0"/><counter type="METHOD" missed="37" covered="0"/><counter type="CLASS" missed="2" covered="0"/></sourcefile><sourcefile name="PlanRecommendationDto.java"><line nr="8" mi="338" ci="0" mb="62" cb="0"/><line nr="9" mi="22" ci="93" mb="0" cb="2"/><line nr="10" mi="6" ci="0" mb="0" cb="0"/><line nr="11" mi="0" ci="33" mb="0" cb="0"/><line nr="13" mi="0" ci="3" mb="0" cb="0"/><line nr="14" mi="0" ci="3" mb="0" cb="0"/><line nr="15" mi="0" ci="3" mb="0" cb="0"/><line nr="16" mi="0" ci="3" mb="0" cb="0"/><line nr="17" mi="0" ci="3" mb="0" cb="0"/><line nr="18" mi="0" ci="3" mb="0" cb="0"/><line nr="19" mi="0" ci="3" mb="0" cb="0"/><line nr="22" mi="0" ci="3" mb="0" cb="0"/><line nr="24" mi="0" ci="3" mb="0" cb="0"/><line nr="26" mi="0" ci="3" mb="0" cb="0"/><counter type="INSTRUCTION" missed="366" covered="156"/><counter type="BRANCH" missed="62" covered="2"/><counter type="LINE" missed="2" covered="12"/><counter type="COMPLEXITY" missed="47" covered="26"/><counter type="METHOD" missed="16" covered="25"/><counter type="CLASS" missed="0" covered="2"/></sourcefile><sourcefile name="LoyaltyStatusDto.java"><line nr="8" mi="477" ci="0" mb="102" cb="0"/><line nr="9" mi="3" ci="0" mb="0" cb="0"/><line nr="10" mi="39" ci="0" mb="0" cb="0"/><line nr="12" mi="3" ci="0" mb="0" cb="0"/><line nr="13" mi="3" ci="0" mb="0" cb="0"/><line nr="14" mi="3" ci="0" mb="0" cb="0"/><line nr="15" mi="3" ci="0" mb="0" cb="0"/><line nr="16" mi="3" ci="0" mb="0" cb="0"/><line nr="17" mi="3" ci="0" mb="0" cb="0"/><line nr="18" mi="3" ci="0" mb="0" cb="0"/><line nr="19" mi="3" ci="0" mb="0" cb="0"/><line nr="20" mi="3" ci="0" mb="0" cb="0"/><line nr="21" mi="3" ci="0" mb="0" cb="0"/><line nr="22" mi="3" ci="0" mb="0" cb="0"/><line nr="23" mi="3" ci="0" mb="0" cb="0"/><counter type="INSTRUCTION" missed="555" covered="0"/><counter type="BRANCH" missed="102" covered="0"/><counter type="LINE" missed="15" covered="0"/><counter type="COMPLEXITY" missed="81" covered="0"/><counter type="METHOD" missed="30" covered="0"/><counter type="CLASS" missed="1" covered="0"/></sourcefile><sourcefile name="LivenessChallengeResponse.java"><line nr="8" mi="180" ci="0" mb="38" cb="0"/><line nr="9" mi="49" ci="0" mb="0" cb="0"/><line nr="10" mi="3" ci="0" mb="0" cb="0"/><line nr="11" mi="15" ci="0" mb="0" cb="0"/><line nr="13" mi="3" ci="0" mb="0" cb="0"/><line nr="14" mi="3" ci="0" mb="0" cb="0"/><line nr="15" mi="3" ci="0" mb="0" cb="0"/><line nr="17" mi="3" ci="0" mb="0" cb="0"/><counter type="INSTRUCTION" missed="259" covered="0"/><counter type="BRANCH" missed="38" covered="0"/><counter type="LINE" missed="8" covered="0"/><counter type="COMPLEXITY" missed="41" covered="0"/><counter type="METHOD" missed="22" covered="0"/><counter type="CLASS" missed="2" covered="0"/></sourcefile><sourcefile name="PauseSubscriptionRequest.java"><line nr="7" mi="52" ci="0" mb="8" cb="0"/><line nr="8" mi="3" ci="0" mb="0" cb="0"/><line nr="9" mi="6" ci="0" mb="0" cb="0"/><line nr="12" mi="3" ci="0" mb="0" cb="0"/><counter type="INSTRUCTION" missed="64" covered="0"/><counter type="BRANCH" missed="8" covered="0"/><counter type="LINE" missed="4" covered="0"/><counter type="COMPLEXITY" missed="12" covered="0"/><counter type="METHOD" missed="8" covered="0"/><counter type="CLASS" missed="1" covered="0"/></sourcefile><sourcefile name="LivenessVerifyRequest.java"><line nr="5" mi="252" ci="0" mb="30" cb="0"/><line nr="7" mi="3" ci="0" mb="0" cb="0"/><line nr="8" mi="3" ci="0" mb="0" cb="0"/><line nr="9" mi="3" ci="0" mb="0" cb="0"/><line nr="10" mi="3" ci="0" mb="0" cb="0"/><line nr="13" mi="3" ci="0" mb="0" cb="0"/><line nr="15" mi="3" ci="0" mb="0" cb="0"/><line nr="17" mi="3" ci="0" mb="0" cb="0"/><line nr="19" mi="3" ci="0" mb="0" cb="0"/><counter type="INSTRUCTION" missed="276" covered="0"/><counter type="BRANCH" missed="30" covered="0"/><counter type="LINE" missed="9" covered="0"/><counter type="COMPLEXITY" missed="36" covered="0"/><counter type="METHOD" missed="21" covered="0"/><counter type="CLASS" missed="1" covered="0"/></sourcefile><sourcefile name="LivenessVerifyResponse.java"><line nr="8" mi="196" ci="0" mb="36" cb="0"/><line nr="9" mi="58" ci="0" mb="0" cb="0"/><line nr="10" mi="3" ci="0" mb="0" cb="0"/><line nr="11" mi="18" ci="0" mb="0" cb="0"/><line nr="13" mi="3" ci="0" mb="0" cb="0"/><line nr="14" mi="3" ci="0" mb="0" cb="0"/><line nr="15" mi="3" ci="0" mb="0" cb="0"/><line nr="17" mi="3" ci="0" mb="0" cb="0"/><line nr="19" mi="3" ci="0" mb="0" cb="0"/><counter type="INSTRUCTION" missed="290" covered="0"/><counter type="BRANCH" missed="36" covered="0"/><counter type="LINE" missed="9" covered="0"/><counter type="COMPLEXITY" missed="43" covered="0"/><counter type="METHOD" missed="25" covered="0"/><counter type="CLASS" missed="2" covered="0"/></sourcefile><sourcefile name="PromoValidationDto.java"><line nr="11" mi="352" ci="0" mb="74" cb="0"/><line nr="12" mi="94" ci="0" mb="0" cb="0"/><line nr="13" mi="3" ci="0" mb="0" cb="0"/><line nr="14" mi="30" ci="0" mb="0" cb="0"/><line nr="16" mi="3" ci="0" mb="0" cb="0"/><line nr="17" mi="3" ci="0" mb="0" cb="0"/><line nr="18" mi="3" ci="0" mb="0" cb="0"/><line nr="20" mi="3" ci="0" mb="0" cb="0"/><line nr="21" mi="3" ci="0" mb="0" cb="0"/><line nr="22" mi="3" ci="0" mb="0" cb="0"/><line nr="23" mi="3" ci="0" mb="0" cb="0"/><line nr="24" mi="3" ci="0" mb="0" cb="0"/><line nr="25" mi="3" ci="0" mb="0" cb="0"/><counter type="INSTRUCTION" missed="506" covered="0"/><counter type="BRANCH" missed="74" covered="0"/><counter type="LINE" missed="13" covered="0"/><counter type="COMPLEXITY" missed="74" covered="0"/><counter type="METHOD" missed="37" covered="0"/><counter type="CLASS" missed="2" covered="0"/></sourcefile><sourcefile name="CompanyDto.java"><line nr="10" mi="256" ci="0" mb="54" cb="0"/><line nr="11" mi="21" ci="0" mb="0" cb="0"/><line nr="12" mi="3" ci="0" mb="0" cb="0"/><line nr="14" mi="3" ci="0" mb="0" cb="0"/><line nr="15" mi="3" ci="0" mb="0" cb="0"/><line nr="16" mi="3" ci="0" mb="0" cb="0"/><line nr="17" mi="3" ci="0" mb="0" cb="0"/><line nr="18" mi="3" ci="0" mb="0" cb="0"/><line nr="19" mi="3" ci="0" mb="0" cb="0"/><counter type="INSTRUCTION" missed="298" covered="0"/><counter type="BRANCH" missed="54" covered="0"/><counter type="LINE" missed="9" covered="0"/><counter type="COMPLEXITY" missed="45" covered="0"/><counter type="METHOD" missed="18" covered="0"/><counter type="CLASS" missed="1" covered="0"/></sourcefile><sourcefile name="subb.java"><line nr="9" mi="28" ci="0" mb="0" cb="0"/><line nr="10" mi="3" ci="0" mb="0" cb="0"/><line nr="11" mi="24" ci="0" mb="0" cb="0"/><line nr="13" mi="3" ci="0" mb="0" cb="0"/><line nr="14" mi="3" ci="0" mb="0" cb="0"/><line nr="15" mi="3" ci="0" mb="0" cb="0"/><line nr="16" mi="3" ci="0" mb="0" cb="0"/><line nr="17" mi="3" ci="0" mb="0" cb="0"/><line nr="19" mi="3" ci="0" mb="0" cb="0"/><line nr="21" mi="3" ci="0" mb="0" cb="0"/><counter type="INSTRUCTION" missed="76" covered="0"/><counter type="LINE" missed="10" covered="0"/><counter type="COMPLEXITY" missed="16" covered="0"/><counter type="METHOD" missed="16" covered="0"/><counter type="CLASS" missed="1" covered="0"/></sourcefile><counter type="INSTRUCTION" missed="3805" covered="189"/><counter type="BRANCH" missed="554" covered="2"/><counter type="LINE" missed="107" covered="14"/><counter type="COMPLEXITY" missed="553" covered="28"/><counter type="METHOD" missed="276" covered="27"/><counter type="CLASS" missed="15" covered="3"/></package><package name="esprit/subscription/DTO/admin"><class name="esprit/subscription/DTO/admin/AdminNotificationResponse$AdminNotificationResponseBuilder" sourcefilename="AdminNotificationResponse.java"><method name="&lt;init&gt;" desc="()V" line="10"><counter type="INSTRUCTION" missed="3" covered="0"/><counter type="LINE" missed="1" covered="0"/><counter type="COMPLEXITY" missed="1" covered="0"/><counter type="METHOD" missed="1" covered="0"/></method><method name="id" desc="(Ljava/lang/Long;)Lesprit/subscription/DTO/admin/AdminNotificationResponse$AdminNotificationResponseBuilder;" line="10"><counter type="INSTRUCTION" missed="5" covered="0"/><counter type="LINE" missed="1" covered="0"/><counter type="COMPLEXITY" missed="1" covered="0"/><counter type="METHOD" missed="1" covered="0"/></method><method name="type" desc="(Ljava/lang/String;)Lesprit/subscription/DTO/admin/AdminNotificationResponse$AdminNotificationResponseBuilder;" line="10"><counter type="INSTRUCTION" missed="5" covered="0"/><counter type="LINE" missed="1" covered="0"/><counter type="COMPLEXITY" missed="1" covered="0"/><counter type="METHOD" missed="1" covered="0"/></method><method name="sessionId" desc="(Ljava/lang/Long;)Lesprit/subscription/DTO/admin/AdminNotificationResponse$AdminNotificationResponseBuilder;" line="10"><counter type="INSTRUCTION" missed="5" covered="0"/><counter type="LINE" missed="1" covered="0"/><counter type="COMPLEXITY" missed="1" covered="0"/><counter type="METHOD" missed="1" covered="0"/></method><method name="userId" desc="(Ljava/lang/String;)Lesprit/subscription/DTO/admin/AdminNotificationResponse$AdminNotificationResponseBuilder;" line="10"><counter type="INSTRUCTION" missed="5" covered="0"/><counter type="LINE" missed="1" covered="0"/><counter type="COMPLEXITY" missed="1" covered="0"/><counter type="METHOD" missed="1" covered="0"/></method><method name="refUserBlockId" desc="(Ljava/lang/Long;)Lesprit/subscription/DTO/admin/AdminNotificationResponse$AdminNotificationResponseBuilder;" line="10"><counter type="INSTRUCTION" missed="5" covered="0"/><counter type="LINE" missed="1" covered="0"/><counter type="COMPLEXITY" missed="1" covered="0"/><counter type="METHOD" missed="1" covered="0"/></method><method name="actionToken" desc="(Ljava/lang/String;)Lesprit/subscription/DTO/admin/AdminNotificationResponse$AdminNotificationResponseBuilder;" line="10"><counter type="INSTRUCTION" missed="5" covered="0"/><counter type="LINE" missed="1" covered="0"/><counter type="COMPLEXITY" missed="1" covered="0"/><counter type="METHOD" missed="1" covered="0"/></method><method name="message" desc="(Ljava/lang/String;)Lesprit/subscription/DTO/admin/AdminNotificationResponse$AdminNotificationResponseBuilder;" line="10"><counter type="INSTRUCTION" missed="5" covered="0"/><counter type="LINE" missed="1" covered="0"/><counter type="COMPLEXITY" missed="1" covered="0"/><counter type="METHOD" missed="1" covered="0"/></method><method name="aiDecision" desc="(Ljava/lang/String;)Lesprit/subscription/DTO/admin/AdminNotificationResponse$AdminNotificationResponseBuilder;" line="10"><counter type="INSTRUCTION" missed="5" covered="0"/><counter type="LINE" missed="1" covered="0"/><counter type="COMPLEXITY" missed="1" covered="0"/><counter type="METHOD" missed="1" covered="0"/></method><method name="aiConfidence" desc="(Ljava/lang/Integer;)Lesprit/subscription/DTO/admin/AdminNotificationResponse$AdminNotificationResponseBuilder;" line="10"><counter type="INSTRUCTION" missed="5" covered="0"/><counter type="LINE" missed="1" covered="0"/><counter type="COMPLEXITY" missed="1" covered="0"/><counter type="METHOD" missed="1" covered="0"/></method><method name="read" desc="(Z)Lesprit/subscription/DTO/admin/AdminNotificationResponse$AdminNotificationResponseBuilder;" line="10"><counter type="INSTRUCTION" missed="5" covered="0"/><counter type="LINE" missed="1" covered="0"/><counter type="COMPLEXITY" missed="1" covered="0"/><counter type="METHOD" missed="1" covered="0"/></method><method name="createdAt" desc="(Ljava/time/LocalDateTime;)Lesprit/subscription/DTO/admin/AdminNotificationResponse$AdminNotificationResponseBuilder;" line="10"><counter type="INSTRUCTION" missed="5" covered="0"/><counter type="LINE" missed="1" covered="0"/><counter type="COMPLEXITY" missed="1" covered="0"/><counter type="METHOD" missed="1" covered="0"/></method><method name="build" desc="()Lesprit/subscription/DTO/admin/AdminNotificationResponse;" line="10"><counter type="INSTRUCTION" missed="26" covered="0"/><counter type="LINE" missed="1" covered="0"/><counter type="COMPLEXITY" missed="1" covered="0"/><counter type="METHOD" missed="1" covered="0"/></method><method name="toString" desc="()Ljava/lang/String;" line="10"><counter type="INSTRUCTION" missed="25" covered="0"/><counter type="LINE" missed="1" covered="0"/><counter type="COMPLEXITY" missed="1" covered="0"/><counter type="METHOD" missed="1" covered="0"/></method><counter type="INSTRUCTION" missed="109" covered="0"/><counter type="LINE" missed="1" covered="0"/><counter type="COMPLEXITY" missed="14" covered="0"/><counter type="METHOD" missed="14" covered="0"/><counter type="CLASS" missed="1" covered="0"/></class><class name="esprit/subscription/DTO/admin/AdminNotificationResponse" sourcefilename="AdminNotificationResponse.java"><method name="&lt;init&gt;" desc="(Ljava/lang/Long;Ljava/lang/String;Ljava/lang/Long;Ljava/lang/String;Ljava/lang/Long;Ljava/lang/String;Ljava/lang/String;Ljava/lang/String;Ljava/lang/Integer;ZLjava/time/LocalDateTime;)V" line="10"><counter type="INSTRUCTION" missed="36" covered="0"/><counter type="LINE" missed="1" covered="0"/><counter type="COMPLEXITY" missed="1" covered="0"/><counter type="METHOD" missed="1" covered="0"/></method><method name="builder" desc="()Lesprit/subscription/DTO/admin/AdminNotificationResponse$AdminNotificationResponseBuilder;" line="10"><counter type="INSTRUCTION" missed="4" covered="0"/><counter type="LINE" missed="1" covered="0"/><counter type="COMPLEXITY" missed="1" covered="0"/><counter type="METHOD" missed="1" covered="0"/></method><method name="getId" desc="()Ljava/lang/Long;" line="12"><counter type="INSTRUCTION" missed="3" covered="0"/><counter type="LINE" missed="1" covered="0"/><counter type="COMPLEXITY" missed="1" covered="0"/><counter type="METHOD" missed="1" covered="0"/></method><method name="getType" desc="()Ljava/lang/String;" line="13"><counter type="INSTRUCTION" missed="3" covered="0"/><counter type="LINE" missed="1" covered="0"/><counter type="COMPLEXITY" missed="1" covered="0"/><counter type="METHOD" missed="1" covered="0"/></method><method name="getSessionId" desc="()Ljava/lang/Long;" line="14"><counter type="INSTRUCTION" missed="3" covered="0"/><counter type="LINE" missed="1" covered="0"/><counter type="COMPLEXITY" missed="1" covered="0"/><counter type="METHOD" missed="1" covered="0"/></method><method name="getUserId" desc="()Ljava/lang/String;" line="15"><counter type="INSTRUCTION" missed="3" covered="0"/><counter type="LINE" missed="1" covered="0"/><counter type="COMPLEXITY" missed="1" covered="0"/><counter type="METHOD" missed="1" covered="0"/></method><method name="getRefUserBlockId" desc="()Ljava/lang/Long;" line="16"><counter type="INSTRUCTION" missed="3" covered="0"/><counter type="LINE" missed="1" covered="0"/><counter type="COMPLEXITY" missed="1" covered="0"/><counter type="METHOD" missed="1" covered="0"/></method><method name="getActionToken" desc="()Ljava/lang/String;" line="19"><counter type="INSTRUCTION" missed="3" covered="0"/><counter type="LINE" missed="1" covered="0"/><counter type="COMPLEXITY" missed="1" covered="0"/><counter type="METHOD" missed="1" covered="0"/></method><method name="getMessage" desc="()Ljava/lang/String;" line="20"><counter type="INSTRUCTION" missed="3" covered="0"/><counter type="LINE" missed="1" covered="0"/><counter type="COMPLEXITY" missed="1" covered="0"/><counter type="METHOD" missed="1" covered="0"/></method><method name="getAiDecision" desc="()Ljava/lang/String;" line="21"><counter type="INSTRUCTION" missed="3" covered="0"/><counter type="LINE" missed="1" covered="0"/><counter type="COMPLEXITY" missed="1" covered="0"/><counter type="METHOD" missed="1" covered="0"/></method><method name="getAiConfidence" desc="()Ljava/lang/Integer;" line="22"><counter type="INSTRUCTION" missed="3" covered="0"/><counter type="LINE" missed="1" covered="0"/><counter type="COMPLEXITY" missed="1" covered="0"/><counter type="METHOD" missed="1" covered="0"/></method><method name="isRead" desc="()Z" line="24"><counter type="INSTRUCTION" missed="3" covered="0"/><counter type="LINE" missed="1" covered="0"/><counter type="COMPLEXITY" missed="1" covered="0"/><counter type="METHOD" missed="1" covered="0"/></method><method name="getCreatedAt" desc="()Ljava/time/LocalDateTime;" line="25"><counter type="INSTRUCTION" missed="3" covered="0"/><counter type="LINE" missed="1" covered="0"/><counter type="COMPLEXITY" missed="1" covered="0"/><counter type="METHOD" missed="1" covered="0"/></method><method name="equals" desc="(Ljava/lang/Object;)Z" line="9"><counter type="INSTRUCTION" missed="192" covered="0"/><counter type="BRANCH" missed="66" covered="0"/><counter type="LINE" missed="1" covered="0"/><counter type="COMPLEXITY" missed="34" covered="0"/><counter type="METHOD" missed="1" covered="0"/></method><method name="hashCode" desc="()I" line="9"><counter type="INSTRUCTION" missed="157" covered="0"/><counter type="BRANCH" missed="22" covered="0"/><counter type="LINE" missed="1" covered="0"/><counter type="COMPLEXITY" missed="12" covered="0"/><counter type="METHOD" missed="1" covered="0"/></method><method name="toString" desc="()Ljava/lang/String;" line="9"><counter type="INSTRUCTION" missed="25" covered="0"/><counter type="LINE" missed="1" covered="0"/><counter type="COMPLEXITY" missed="1" covered="0"/><counter type="METHOD" missed="1" covered="0"/></method><counter type="INSTRUCTION" missed="447" covered="0"/><counter type="BRANCH" missed="88" covered="0"/><counter type="LINE" missed="13" covered="0"/><counter type="COMPLEXITY" missed="60" covered="0"/><counter type="METHOD" missed="16" covered="0"/><counter type="CLASS" missed="1" covered="0"/></class><sourcefile name="AdminNotificationResponse.java"><line nr="9" mi="374" ci="0" mb="88" cb="0"/><line nr="10" mi="149" ci="0" mb="0" cb="0"/><line nr="12" mi="3" ci="0" mb="0" cb="0"/><line nr="13" mi="3" ci="0" mb="0" cb="0"/><line nr="14" mi="3" ci="0" mb="0" cb="0"/><line nr="15" mi="3" ci="0" mb="0" cb="0"/><line nr="16" mi="3" ci="0" mb="0" cb="0"/><line nr="19" mi="3" ci="0" mb="0" cb="0"/><line nr="20" mi="3" ci="0" mb="0" cb="0"/><line nr="21" mi="3" ci="0" mb="0" cb="0"/><line nr="22" mi="3" ci="0" mb="0" cb="0"/><line nr="24" mi="3" ci="0" mb="0" cb="0"/><line nr="25" mi="3" ci="0" mb="0" cb="0"/><counter type="INSTRUCTION" missed="556" covered="0"/><counter type="BRANCH" missed="88" covered="0"/><counter type="LINE" missed="13" covered="0"/><counter type="COMPLEXITY" missed="74" covered="0"/><counter type="METHOD" missed="30" covered="0"/><counter type="CLASS" missed="2" covered="0"/></sourcefile><counter type="INSTRUCTION" missed="556" covered="0"/><counter type="BRANCH" missed="88" covered="0"/><counter type="LINE" missed="13" covered="0"/><counter type="COMPLEXITY" missed="74" covered="0"/><counter type="METHOD" missed="30" covered="0"/><counter type="CLASS" missed="2" covered="0"/></package><counter type="INSTRUCTION" missed="30230" covered="3682"/><counter type="BRANCH" missed="3678" covered="158"/><counter type="LINE" missed="3743" covered="825"/><counter type="COMPLEXITY" missed="3703" covered="307"/><counter type="METHOD" missed="1797" covered="289"/><counter type="CLASS" missed="85" covered="74"/></report>